#
# There is insufficient memory for the Java Runtime Environment to continue.
# Native memory allocation (malloc) failed to allocate 506720 bytes for Chunk::new
# Possible reasons:
#   The system is out of physical RAM or swap space
#   The process is running with CompressedOops enabled, and the Java Heap may be blocking the growth of the native heap
# Possible solutions:
#   Reduce memory load on the system
#   Increase physical memory or swap space
#   Check if swap backing store is full
#   Decrease Java heap size (-Xmx/-Xms)
#   Decrease number of Java threads
#   Decrease Java thread stack sizes (-Xss)
#   Set larger code cache with -XX:ReservedCodeCacheSize=
#   JVM is running with Unscaled Compressed Oops mode in which the Java heap is
#     placed in the first 4GB address space. The Java Heap base address is the
#     maximum limit for the native heap growth. Please use -XX:HeapBaseMinAddress
#     to set the Java Heap base and to place the Java Heap above 4GB virtual address.
# This output file may be truncated or incomplete.
#
#  Out of Memory Error (arena.cpp:189), pid=18464, tid=13860
#
# JRE version: Java(TM) SE Runtime Environment (17.0.7+8) (build 17.0.7+8-LTS-224)
# Java VM: Java HotSpot(TM) 64-Bit Server VM (17.0.7+8-LTS-224, mixed mode, sharing, tiered, compressed oops, compressed class ptrs, g1 gc, windows-amd64)
# No core dump will be written. Minidumps are not enabled by default on client versions of Windows
#

---------------  S U M M A R Y ------------

Command Line: -ea -Dfile.encoding=UTF-8 -XX:+ShowCodeDetailsInExceptionMessages org.testng.remote.RemoteTestNG -serport 50658 -protocol json -d D:\Sanjiv_QA\Eclipse Project\HRMS_UI\test-output D:\Sanjiv_QA\Eclipse Project\HRMS_UI\testng.xml

Host: Intel(R) Core(TM) i5-4590 CPU @ 3.30GHz, 4 cores, 7G,  Windows 11 , 64 bit Build 22000 (10.0.22000.2124)
Time: Wed Aug  9 00:30:24 2023 India Standard Time elapsed time: 2.174484 seconds (0d 0h 0m 2s)

---------------  T H R E A D  ---------------

Current thread (0x00000210ff4c05a0):  JavaThread "C2 CompilerThread0" daemon [_thread_in_native, id=13860, stack(0x000000553be00000,0x000000553bf00000)]


Current CompileTask:
C2:   2174 1737   !   4       java.net.URL::<init> (543 bytes)

Stack: [0x000000553be00000,0x000000553bf00000]
Native frames: (J=compiled Java code, j=interpreted, Vv=VM code, C=native code)
V  [jvm.dll+0x676a4a]
V  [jvm.dll+0x7d74f4]
V  [jvm.dll+0x7d8c9e]
V  [jvm.dll+0x7d9303]
V  [jvm.dll+0x2452c5]
V  [jvm.dll+0xaaa2b]
V  [jvm.dll+0xaafcc]
V  [jvm.dll+0x36141e]
V  [jvm.dll+0x32bba1]
V  [jvm.dll+0x32b03a]
V  [jvm.dll+0x217acf]
V  [jvm.dll+0x216f01]
V  [jvm.dll+0x1a35e0]
V  [jvm.dll+0x226a6e]
V  [jvm.dll+0x224e15]
V  [jvm.dll+0x78d05c]
V  [jvm.dll+0x78759a]
V  [jvm.dll+0x675875]
C  [ucrtbase.dll+0x26c0c]
C  [KERNEL32.DLL+0x155a0]
C  [ntdll.dll+0x485b]


---------------  P R O C E S S  ---------------

Threads class SMR info:
_java_thread_list=0x000002109bd5cce0, length=14, elements={
0x00000210fa3dd3f0, 0x00000210ff47fad0, 0x00000210ff480680, 0x00000210ff4936c0,
0x00000210ff494070, 0x00000210ff495a30, 0x00000210ff4b7800, 0x00000210ff4c05a0,
0x00000210ff4dfc20, 0x000002109b128030, 0x000002109b3159d0, 0x000002109b32b580,
0x000002109bbed9e0, 0x000002109bdd5460
}

Java Threads: ( => current thread )
  0x00000210fa3dd3f0 JavaThread "main" [_thread_in_native, id=2020, stack(0x000000553b100000,0x000000553b200000)]
  0x00000210ff47fad0 JavaThread "Reference Handler" daemon [_thread_blocked, id=19368, stack(0x000000553b800000,0x000000553b900000)]
  0x00000210ff480680 JavaThread "Finalizer" daemon [_thread_blocked, id=14424, stack(0x000000553b900000,0x000000553ba00000)]
  0x00000210ff4936c0 JavaThread "Signal Dispatcher" daemon [_thread_blocked, id=17504, stack(0x000000553ba00000,0x000000553bb00000)]
  0x00000210ff494070 JavaThread "Attach Listener" daemon [_thread_blocked, id=14972, stack(0x000000553bb00000,0x000000553bc00000)]
  0x00000210ff495a30 JavaThread "Service Thread" daemon [_thread_blocked, id=19020, stack(0x000000553bc00000,0x000000553bd00000)]
  0x00000210ff4b7800 JavaThread "Monitor Deflation Thread" daemon [_thread_blocked, id=7256, stack(0x000000553bd00000,0x000000553be00000)]
=>0x00000210ff4c05a0 JavaThread "C2 CompilerThread0" daemon [_thread_in_native, id=13860, stack(0x000000553be00000,0x000000553bf00000)]
  0x00000210ff4dfc20 JavaThread "C1 CompilerThread0" daemon [_thread_blocked, id=12624, stack(0x000000553bf00000,0x000000553c000000)]
  0x000002109b128030 JavaThread "Sweeper thread" daemon [_thread_blocked, id=18200, stack(0x000000553c000000,0x000000553c100000)]
  0x000002109b3159d0 JavaThread "Notification Thread" daemon [_thread_blocked, id=18224, stack(0x000000553c100000,0x000000553c200000)]
  0x000002109b32b580 JavaThread "Common-Cleaner" daemon [_thread_blocked, id=14376, stack(0x000000553c300000,0x000000553c400000)]
  0x000002109bbed9e0 JavaThread "ReaderThread" [_thread_in_native, id=18932, stack(0x000000553c700000,0x000000553c800000)]
  0x000002109bdd5460 JavaThread "C2 CompilerThread1" daemon [_thread_blocked, id=9448, stack(0x000000553c800000,0x000000553c900000)]

Other Threads:
  0x00000210ff477c20 VMThread "VM Thread" [stack: 0x000000553b700000,0x000000553b800000] [id=18020]
  0x000002109b31c8f0 WatcherThread [stack: 0x000000553c200000,0x000000553c300000] [id=4632]
  0x00000210fa436b10 GCTaskThread "GC Thread#0" [stack: 0x000000553b200000,0x000000553b300000] [id=6344]
  0x000002109b816060 GCTaskThread "GC Thread#1" [stack: 0x000000553c400000,0x000000553c500000] [id=18008]
  0x000002109b4ee5e0 GCTaskThread "GC Thread#2" [stack: 0x000000553c500000,0x000000553c600000] [id=13264]
  0x000002109c06c930 GCTaskThread "GC Thread#3" [stack: 0x000000553c900000,0x000000553ca00000] [id=16944]
  0x00000210fa448090 ConcurrentGCThread "G1 Main Marker" [stack: 0x000000553b300000,0x000000553b400000] [id=14248]
  0x00000210fa44cc10 ConcurrentGCThread "G1 Conc#0" [stack: 0x000000553b400000,0x000000553b500000] [id=18108]
  0x00000210fa49dde0 ConcurrentGCThread "G1 Refine#0" [stack: 0x000000553b500000,0x000000553b600000] [id=18836]
  0x00000210fa49e800 ConcurrentGCThread "G1 Service" [stack: 0x000000553b600000,0x000000553b700000] [id=15272]

Threads with active compile tasks:
C2 CompilerThread0     2211 1737   !   4       java.net.URL::<init> (543 bytes)

VM state: not at safepoint (normal execution)

VM Mutex/Monitor currently owned by a thread: None

Heap address: 0x0000000081600000, size: 2026 MB, Compressed Oops mode: 32-bit

CDS archive(s) mapped at: [0x0000000800000000-0x0000000800bd0000-0x0000000800bd0000), size 12386304, SharedBaseAddress: 0x0000000800000000, ArchiveRelocationMode: 0.
Compressed class space mapped at: 0x0000000800c00000-0x0000000840c00000, reserved size: 1073741824
Narrow klass base: 0x0000000800000000, Narrow klass shift: 0, Narrow klass range: 0x100000000

GC Precious Log:
 CPUs: 4 total, 4 available
 Memory: 8103M
 Large Page Support: Disabled
 NUMA Support: Disabled
 Compressed Oops: Enabled (32-bit)
 Heap Region Size: 1M
 Heap Min Capacity: 8M
 Heap Initial Capacity: 128M
 Heap Max Capacity: 2026M
 Pre-touch: Disabled
 Parallel Workers: 4
 Concurrent Workers: 1
 Concurrent Refinement Workers: 4
 Periodic GC: Disabled

Heap:
 garbage-first heap   total 131072K, used 18304K [0x0000000081600000, 0x0000000100000000)
  region size 1024K, 10 young (10240K), 3 survivors (3072K)
 Metaspace       used 12743K, committed 12992K, reserved 1064960K
  class space    used 1504K, committed 1600K, reserved 1048576K

Heap Regions: E=young(eden), S=young(survivor), O=old, HS=humongous(starts), HC=humongous(continues), CS=collection set, F=free, OA=open archive, CA=closed archive, TAMS=top-at-mark-start (previous, next)
|   0|0x0000000081600000, 0x0000000081700000, 0x0000000081700000|100%|HS|  |TAMS 0x0000000081600000, 0x0000000081600000| Complete 
|   1|0x0000000081700000, 0x0000000081800000, 0x0000000081800000|100%| O|  |TAMS 0x0000000081700000, 0x0000000081700000| Untracked 
|   2|0x0000000081800000, 0x0000000081900000, 0x0000000081900000|100%| O|  |TAMS 0x0000000081800000, 0x0000000081800000| Untracked 
|   3|0x0000000081900000, 0x0000000081a00000, 0x0000000081a00000|100%| O|  |TAMS 0x0000000081900000, 0x0000000081900000| Untracked 
|   4|0x0000000081a00000, 0x0000000081b00000, 0x0000000081b00000|100%| O|  |TAMS 0x0000000081a00000, 0x0000000081a00000| Untracked 
|   5|0x0000000081b00000, 0x0000000081c00000, 0x0000000081c00000|100%| O|  |TAMS 0x0000000081b00000, 0x0000000081b00000| Untracked 
|   6|0x0000000081c00000, 0x0000000081d00000, 0x0000000081d00000|100%| O|  |TAMS 0x0000000081c00000, 0x0000000081c00000| Untracked 
|   7|0x0000000081d00000, 0x0000000081e00000, 0x0000000081e00000|100%| O|  |TAMS 0x0000000081d00000, 0x0000000081d00000| Untracked 
|   8|0x0000000081e00000, 0x0000000081f00000, 0x0000000081f00000|100%| O|  |TAMS 0x0000000081e00000, 0x0000000081e00000| Untracked 
|   9|0x0000000081f00000, 0x0000000081f02e00, 0x0000000082000000|  1%| O|  |TAMS 0x0000000081f00000, 0x0000000081f00000| Untracked 
|  10|0x0000000082000000, 0x0000000082000000, 0x0000000082100000|  0%| F|  |TAMS 0x0000000082000000, 0x0000000082000000| Untracked 
|  11|0x0000000082100000, 0x0000000082100000, 0x0000000082200000|  0%| F|  |TAMS 0x0000000082100000, 0x0000000082100000| Untracked 
|  12|0x0000000082200000, 0x0000000082200000, 0x0000000082300000|  0%| F|  |TAMS 0x0000000082200000, 0x0000000082200000| Untracked 
|  13|0x0000000082300000, 0x0000000082300000, 0x0000000082400000|  0%| F|  |TAMS 0x0000000082300000, 0x0000000082300000| Untracked 
|  14|0x0000000082400000, 0x0000000082400000, 0x0000000082500000|  0%| F|  |TAMS 0x0000000082400000, 0x0000000082400000| Untracked 
|  15|0x0000000082500000, 0x0000000082500000, 0x0000000082600000|  0%| F|  |TAMS 0x0000000082500000, 0x0000000082500000| Untracked 
|  16|0x0000000082600000, 0x0000000082600000, 0x0000000082700000|  0%| F|  |TAMS 0x0000000082600000, 0x0000000082600000| Untracked 
|  17|0x0000000082700000, 0x0000000082700000, 0x0000000082800000|  0%| F|  |TAMS 0x0000000082700000, 0x0000000082700000| Untracked 
|  18|0x0000000082800000, 0x0000000082800000, 0x0000000082900000|  0%| F|  |TAMS 0x0000000082800000, 0x0000000082800000| Untracked 
|  19|0x0000000082900000, 0x0000000082900000, 0x0000000082a00000|  0%| F|  |TAMS 0x0000000082900000, 0x0000000082900000| Untracked 
|  20|0x0000000082a00000, 0x0000000082a00000, 0x0000000082b00000|  0%| F|  |TAMS 0x0000000082a00000, 0x0000000082a00000| Untracked 
|  21|0x0000000082b00000, 0x0000000082b00000, 0x0000000082c00000|  0%| F|  |TAMS 0x0000000082b00000, 0x0000000082b00000| Untracked 
|  22|0x0000000082c00000, 0x0000000082c00000, 0x0000000082d00000|  0%| F|  |TAMS 0x0000000082c00000, 0x0000000082c00000| Untracked 
|  23|0x0000000082d00000, 0x0000000082d00000, 0x0000000082e00000|  0%| F|  |TAMS 0x0000000082d00000, 0x0000000082d00000| Untracked 
|  24|0x0000000082e00000, 0x0000000082e00000, 0x0000000082f00000|  0%| F|  |TAMS 0x0000000082e00000, 0x0000000082e00000| Untracked 
|  25|0x0000000082f00000, 0x0000000082f00000, 0x0000000083000000|  0%| F|  |TAMS 0x0000000082f00000, 0x0000000082f00000| Untracked 
|  26|0x0000000083000000, 0x0000000083000000, 0x0000000083100000|  0%| F|  |TAMS 0x0000000083000000, 0x0000000083000000| Untracked 
|  27|0x0000000083100000, 0x0000000083100000, 0x0000000083200000|  0%| F|  |TAMS 0x0000000083100000, 0x0000000083100000| Untracked 
|  28|0x0000000083200000, 0x0000000083200000, 0x0000000083300000|  0%| F|  |TAMS 0x0000000083200000, 0x0000000083200000| Untracked 
|  29|0x0000000083300000, 0x0000000083300000, 0x0000000083400000|  0%| F|  |TAMS 0x0000000083300000, 0x0000000083300000| Untracked 
|  30|0x0000000083400000, 0x0000000083400000, 0x0000000083500000|  0%| F|  |TAMS 0x0000000083400000, 0x0000000083400000| Untracked 
|  31|0x0000000083500000, 0x0000000083500000, 0x0000000083600000|  0%| F|  |TAMS 0x0000000083500000, 0x0000000083500000| Untracked 
|  32|0x0000000083600000, 0x0000000083600000, 0x0000000083700000|  0%| F|  |TAMS 0x0000000083600000, 0x0000000083600000| Untracked 
|  33|0x0000000083700000, 0x0000000083700000, 0x0000000083800000|  0%| F|  |TAMS 0x0000000083700000, 0x0000000083700000| Untracked 
|  34|0x0000000083800000, 0x0000000083800000, 0x0000000083900000|  0%| F|  |TAMS 0x0000000083800000, 0x0000000083800000| Untracked 
|  35|0x0000000083900000, 0x0000000083900000, 0x0000000083a00000|  0%| F|  |TAMS 0x0000000083900000, 0x0000000083900000| Untracked 
|  36|0x0000000083a00000, 0x0000000083a00000, 0x0000000083b00000|  0%| F|  |TAMS 0x0000000083a00000, 0x0000000083a00000| Untracked 
|  37|0x0000000083b00000, 0x0000000083b00000, 0x0000000083c00000|  0%| F|  |TAMS 0x0000000083b00000, 0x0000000083b00000| Untracked 
|  38|0x0000000083c00000, 0x0000000083c00000, 0x0000000083d00000|  0%| F|  |TAMS 0x0000000083c00000, 0x0000000083c00000| Untracked 
|  39|0x0000000083d00000, 0x0000000083d00000, 0x0000000083e00000|  0%| F|  |TAMS 0x0000000083d00000, 0x0000000083d00000| Untracked 
|  40|0x0000000083e00000, 0x0000000083e00000, 0x0000000083f00000|  0%| F|  |TAMS 0x0000000083e00000, 0x0000000083e00000| Untracked 
|  41|0x0000000083f00000, 0x0000000083f00000, 0x0000000084000000|  0%| F|  |TAMS 0x0000000083f00000, 0x0000000083f00000| Untracked 
|  42|0x0000000084000000, 0x0000000084000000, 0x0000000084100000|  0%| F|  |TAMS 0x0000000084000000, 0x0000000084000000| Untracked 
|  43|0x0000000084100000, 0x0000000084100000, 0x0000000084200000|  0%| F|  |TAMS 0x0000000084100000, 0x0000000084100000| Untracked 
|  44|0x0000000084200000, 0x0000000084200000, 0x0000000084300000|  0%| F|  |TAMS 0x0000000084200000, 0x0000000084200000| Untracked 
|  45|0x0000000084300000, 0x0000000084300000, 0x0000000084400000|  0%| F|  |TAMS 0x0000000084300000, 0x0000000084300000| Untracked 
|  46|0x0000000084400000, 0x0000000084400000, 0x0000000084500000|  0%| F|  |TAMS 0x0000000084400000, 0x0000000084400000| Untracked 
|  47|0x0000000084500000, 0x0000000084500000, 0x0000000084600000|  0%| F|  |TAMS 0x0000000084500000, 0x0000000084500000| Untracked 
|  48|0x0000000084600000, 0x0000000084600000, 0x0000000084700000|  0%| F|  |TAMS 0x0000000084600000, 0x0000000084600000| Untracked 
|  49|0x0000000084700000, 0x0000000084700000, 0x0000000084800000|  0%| F|  |TAMS 0x0000000084700000, 0x0000000084700000| Untracked 
|  50|0x0000000084800000, 0x0000000084800000, 0x0000000084900000|  0%| F|  |TAMS 0x0000000084800000, 0x0000000084800000| Untracked 
|  51|0x0000000084900000, 0x0000000084900000, 0x0000000084a00000|  0%| F|  |TAMS 0x0000000084900000, 0x0000000084900000| Untracked 
|  52|0x0000000084a00000, 0x0000000084a00000, 0x0000000084b00000|  0%| F|  |TAMS 0x0000000084a00000, 0x0000000084a00000| Untracked 
|  53|0x0000000084b00000, 0x0000000084b00000, 0x0000000084c00000|  0%| F|  |TAMS 0x0000000084b00000, 0x0000000084b00000| Untracked 
|  54|0x0000000084c00000, 0x0000000084c00000, 0x0000000084d00000|  0%| F|  |TAMS 0x0000000084c00000, 0x0000000084c00000| Untracked 
|  55|0x0000000084d00000, 0x0000000084d00000, 0x0000000084e00000|  0%| F|  |TAMS 0x0000000084d00000, 0x0000000084d00000| Untracked 
|  56|0x0000000084e00000, 0x0000000084e00000, 0x0000000084f00000|  0%| F|  |TAMS 0x0000000084e00000, 0x0000000084e00000| Untracked 
|  57|0x0000000084f00000, 0x0000000084f00000, 0x0000000085000000|  0%| F|  |TAMS 0x0000000084f00000, 0x0000000084f00000| Untracked 
|  58|0x0000000085000000, 0x0000000085000000, 0x0000000085100000|  0%| F|  |TAMS 0x0000000085000000, 0x0000000085000000| Untracked 
|  59|0x0000000085100000, 0x0000000085100000, 0x0000000085200000|  0%| F|  |TAMS 0x0000000085100000, 0x0000000085100000| Untracked 
|  60|0x0000000085200000, 0x0000000085200000, 0x0000000085300000|  0%| F|  |TAMS 0x0000000085200000, 0x0000000085200000| Untracked 
|  61|0x0000000085300000, 0x0000000085300000, 0x0000000085400000|  0%| F|  |TAMS 0x0000000085300000, 0x0000000085300000| Untracked 
|  62|0x0000000085400000, 0x0000000085400000, 0x0000000085500000|  0%| F|  |TAMS 0x0000000085400000, 0x0000000085400000| Untracked 
|  63|0x0000000085500000, 0x0000000085500000, 0x0000000085600000|  0%| F|  |TAMS 0x0000000085500000, 0x0000000085500000| Untracked 
|  64|0x0000000085600000, 0x0000000085600000, 0x0000000085700000|  0%| F|  |TAMS 0x0000000085600000, 0x0000000085600000| Untracked 
|  65|0x0000000085700000, 0x0000000085700000, 0x0000000085800000|  0%| F|  |TAMS 0x0000000085700000, 0x0000000085700000| Untracked 
|  66|0x0000000085800000, 0x0000000085800000, 0x0000000085900000|  0%| F|  |TAMS 0x0000000085800000, 0x0000000085800000| Untracked 
|  67|0x0000000085900000, 0x0000000085900000, 0x0000000085a00000|  0%| F|  |TAMS 0x0000000085900000, 0x0000000085900000| Untracked 
|  68|0x0000000085a00000, 0x0000000085a00000, 0x0000000085b00000|  0%| F|  |TAMS 0x0000000085a00000, 0x0000000085a00000| Untracked 
|  69|0x0000000085b00000, 0x0000000085b00000, 0x0000000085c00000|  0%| F|  |TAMS 0x0000000085b00000, 0x0000000085b00000| Untracked 
|  70|0x0000000085c00000, 0x0000000085c00000, 0x0000000085d00000|  0%| F|  |TAMS 0x0000000085c00000, 0x0000000085c00000| Untracked 
|  71|0x0000000085d00000, 0x0000000085d00000, 0x0000000085e00000|  0%| F|  |TAMS 0x0000000085d00000, 0x0000000085d00000| Untracked 
|  72|0x0000000085e00000, 0x0000000085e00000, 0x0000000085f00000|  0%| F|  |TAMS 0x0000000085e00000, 0x0000000085e00000| Untracked 
|  73|0x0000000085f00000, 0x0000000085f00000, 0x0000000086000000|  0%| F|  |TAMS 0x0000000085f00000, 0x0000000085f00000| Untracked 
|  74|0x0000000086000000, 0x0000000086000000, 0x0000000086100000|  0%| F|  |TAMS 0x0000000086000000, 0x0000000086000000| Untracked 
|  75|0x0000000086100000, 0x0000000086100000, 0x0000000086200000|  0%| F|  |TAMS 0x0000000086100000, 0x0000000086100000| Untracked 
|  76|0x0000000086200000, 0x0000000086200000, 0x0000000086300000|  0%| F|  |TAMS 0x0000000086200000, 0x0000000086200000| Untracked 
|  77|0x0000000086300000, 0x0000000086300000, 0x0000000086400000|  0%| F|  |TAMS 0x0000000086300000, 0x0000000086300000| Untracked 
|  78|0x0000000086400000, 0x0000000086400000, 0x0000000086500000|  0%| F|  |TAMS 0x0000000086400000, 0x0000000086400000| Untracked 
|  79|0x0000000086500000, 0x0000000086500000, 0x0000000086600000|  0%| F|  |TAMS 0x0000000086500000, 0x0000000086500000| Untracked 
|  80|0x0000000086600000, 0x0000000086600000, 0x0000000086700000|  0%| F|  |TAMS 0x0000000086600000, 0x0000000086600000| Untracked 
|  81|0x0000000086700000, 0x0000000086700000, 0x0000000086800000|  0%| F|  |TAMS 0x0000000086700000, 0x0000000086700000| Untracked 
|  82|0x0000000086800000, 0x0000000086800000, 0x0000000086900000|  0%| F|  |TAMS 0x0000000086800000, 0x0000000086800000| Untracked 
|  83|0x0000000086900000, 0x0000000086900000, 0x0000000086a00000|  0%| F|  |TAMS 0x0000000086900000, 0x0000000086900000| Untracked 
|  84|0x0000000086a00000, 0x0000000086a00000, 0x0000000086b00000|  0%| F|  |TAMS 0x0000000086a00000, 0x0000000086a00000| Untracked 
|  85|0x0000000086b00000, 0x0000000086b00000, 0x0000000086c00000|  0%| F|  |TAMS 0x0000000086b00000, 0x0000000086b00000| Untracked 
|  86|0x0000000086c00000, 0x0000000086c00000, 0x0000000086d00000|  0%| F|  |TAMS 0x0000000086c00000, 0x0000000086c00000| Untracked 
|  87|0x0000000086d00000, 0x0000000086d00000, 0x0000000086e00000|  0%| F|  |TAMS 0x0000000086d00000, 0x0000000086d00000| Untracked 
|  88|0x0000000086e00000, 0x0000000086e00000, 0x0000000086f00000|  0%| F|  |TAMS 0x0000000086e00000, 0x0000000086e00000| Untracked 
|  89|0x0000000086f00000, 0x0000000086f00000, 0x0000000087000000|  0%| F|  |TAMS 0x0000000086f00000, 0x0000000086f00000| Untracked 
|  90|0x0000000087000000, 0x0000000087000000, 0x0000000087100000|  0%| F|  |TAMS 0x0000000087000000, 0x0000000087000000| Untracked 
|  91|0x0000000087100000, 0x0000000087100000, 0x0000000087200000|  0%| F|  |TAMS 0x0000000087100000, 0x0000000087100000| Untracked 
|  92|0x0000000087200000, 0x0000000087200000, 0x0000000087300000|  0%| F|  |TAMS 0x0000000087200000, 0x0000000087200000| Untracked 
|  93|0x0000000087300000, 0x0000000087300000, 0x0000000087400000|  0%| F|  |TAMS 0x0000000087300000, 0x0000000087300000| Untracked 
|  94|0x0000000087400000, 0x0000000087400000, 0x0000000087500000|  0%| F|  |TAMS 0x0000000087400000, 0x0000000087400000| Untracked 
|  95|0x0000000087500000, 0x0000000087500000, 0x0000000087600000|  0%| F|  |TAMS 0x0000000087500000, 0x0000000087500000| Untracked 
|  96|0x0000000087600000, 0x0000000087600000, 0x0000000087700000|  0%| F|  |TAMS 0x0000000087600000, 0x0000000087600000| Untracked 
|  97|0x0000000087700000, 0x0000000087700000, 0x0000000087800000|  0%| F|  |TAMS 0x0000000087700000, 0x0000000087700000| Untracked 
|  98|0x0000000087800000, 0x0000000087800000, 0x0000000087900000|  0%| F|  |TAMS 0x0000000087800000, 0x0000000087800000| Untracked 
|  99|0x0000000087900000, 0x0000000087900000, 0x0000000087a00000|  0%| F|  |TAMS 0x0000000087900000, 0x0000000087900000| Untracked 
| 100|0x0000000087a00000, 0x0000000087a00000, 0x0000000087b00000|  0%| F|  |TAMS 0x0000000087a00000, 0x0000000087a00000| Untracked 
| 101|0x0000000087b00000, 0x0000000087b00000, 0x0000000087c00000|  0%| F|  |TAMS 0x0000000087b00000, 0x0000000087b00000| Untracked 
| 102|0x0000000087c00000, 0x0000000087c00000, 0x0000000087d00000|  0%| F|  |TAMS 0x0000000087c00000, 0x0000000087c00000| Untracked 
| 103|0x0000000087d00000, 0x0000000087d00000, 0x0000000087e00000|  0%| F|  |TAMS 0x0000000087d00000, 0x0000000087d00000| Untracked 
| 104|0x0000000087e00000, 0x0000000087edd538, 0x0000000087f00000| 86%| S|CS|TAMS 0x0000000087e00000, 0x0000000087e00000| Complete 
| 105|0x0000000087f00000, 0x0000000088000000, 0x0000000088000000|100%| S|CS|TAMS 0x0000000087f00000, 0x0000000087f00000| Complete 
| 106|0x0000000088000000, 0x0000000088100000, 0x0000000088100000|100%| S|CS|TAMS 0x0000000088000000, 0x0000000088000000| Complete 
| 107|0x0000000088100000, 0x0000000088100000, 0x0000000088200000|  0%| F|  |TAMS 0x0000000088100000, 0x0000000088100000| Untracked 
| 108|0x0000000088200000, 0x0000000088200000, 0x0000000088300000|  0%| F|  |TAMS 0x0000000088200000, 0x0000000088200000| Untracked 
| 109|0x0000000088300000, 0x0000000088300000, 0x0000000088400000|  0%| F|  |TAMS 0x0000000088300000, 0x0000000088300000| Untracked 
| 110|0x0000000088400000, 0x0000000088400000, 0x0000000088500000|  0%| F|  |TAMS 0x0000000088400000, 0x0000000088400000| Untracked 
| 111|0x0000000088500000, 0x0000000088500000, 0x0000000088600000|  0%| F|  |TAMS 0x0000000088500000, 0x0000000088500000| Untracked 
| 112|0x0000000088600000, 0x0000000088600000, 0x0000000088700000|  0%| F|  |TAMS 0x0000000088600000, 0x0000000088600000| Untracked 
| 113|0x0000000088700000, 0x0000000088700000, 0x0000000088800000|  0%| F|  |TAMS 0x0000000088700000, 0x0000000088700000| Untracked 
| 114|0x0000000088800000, 0x0000000088800000, 0x0000000088900000|  0%| F|  |TAMS 0x0000000088800000, 0x0000000088800000| Untracked 
| 115|0x0000000088900000, 0x0000000088900000, 0x0000000088a00000|  0%| F|  |TAMS 0x0000000088900000, 0x0000000088900000| Untracked 
| 116|0x0000000088a00000, 0x0000000088a00000, 0x0000000088b00000|  0%| F|  |TAMS 0x0000000088a00000, 0x0000000088a00000| Untracked 
| 117|0x0000000088b00000, 0x0000000088b00000, 0x0000000088c00000|  0%| F|  |TAMS 0x0000000088b00000, 0x0000000088b00000| Untracked 
| 118|0x0000000088c00000, 0x0000000088c00000, 0x0000000088d00000|  0%| F|  |TAMS 0x0000000088c00000, 0x0000000088c00000| Untracked 
| 119|0x0000000088d00000, 0x0000000088d00000, 0x0000000088e00000|  0%| F|  |TAMS 0x0000000088d00000, 0x0000000088d00000| Untracked 
| 120|0x0000000088e00000, 0x0000000088e00000, 0x0000000088f00000|  0%| F|  |TAMS 0x0000000088e00000, 0x0000000088e00000| Untracked 
| 121|0x0000000088f00000, 0x0000000088f80870, 0x0000000089000000| 50%| E|  |TAMS 0x0000000088f00000, 0x0000000088f00000| Complete 
| 122|0x0000000089000000, 0x0000000089100000, 0x0000000089100000|100%| E|CS|TAMS 0x0000000089000000, 0x0000000089000000| Complete 
| 123|0x0000000089100000, 0x0000000089200000, 0x0000000089200000|100%| E|CS|TAMS 0x0000000089100000, 0x0000000089100000| Complete 
| 124|0x0000000089200000, 0x0000000089300000, 0x0000000089300000|100%| E|CS|TAMS 0x0000000089200000, 0x0000000089200000| Complete 
| 125|0x0000000089300000, 0x0000000089400000, 0x0000000089400000|100%| E|CS|TAMS 0x0000000089300000, 0x0000000089300000| Complete 
| 126|0x0000000089400000, 0x0000000089500000, 0x0000000089500000|100%| E|CS|TAMS 0x0000000089400000, 0x0000000089400000| Complete 
| 127|0x0000000089500000, 0x0000000089600000, 0x0000000089600000|100%| E|CS|TAMS 0x0000000089500000, 0x0000000089500000| Complete 

Card table byte_map: [0x00000210fc6d0000,0x00000210fcad0000] _byte_map_base: 0x00000210fc2c5000

Marking Bits (Prev, Next): (CMBitMap*) 0x00000210fa437120, (CMBitMap*) 0x00000210fa437160
 Prev Bits: [0x00000210fced0000, 0x00000210fee78000)
 Next Bits: [0x00000210967b0000, 0x0000021098758000)

Polling page: 0x00000210fa4a0000

Metaspace:

Usage:
  Non-class:     10.99 MB used.
      Class:      1.47 MB used.
       Both:     12.47 MB used.

Virtual space:
  Non-class space:       16.00 MB reserved,      11.12 MB ( 70%) committed,  2 nodes.
      Class space:        1.00 GB reserved,       1.56 MB ( <1%) committed,  1 nodes.
             Both:        1.02 GB reserved,      12.69 MB (  1%) committed. 

Chunk freelists:
   Non-Class:  96.00 KB
       Class:  2.44 MB
        Both:  2.53 MB

MaxMetaspaceSize: unlimited
CompressedClassSpaceSize: 1.00 GB
Initial GC threshold: 21.00 MB
Current GC threshold: 21.00 MB
CDS: on
MetaspaceReclaimPolicy: balanced
 - commit_granule_bytes: 65536.
 - commit_granule_words: 8192.
 - virtual_space_node_default_size: 1048576.
 - enlarge_chunks_in_place: 1.
 - new_chunks_are_fully_committed: 0.
 - uncommit_free_chunks: 1.
 - use_allocation_guard: 0.
 - handle_deallocations: 1.


Internal statistics:

num_allocs_failed_limit: 0.
num_arena_births: 196.
num_arena_deaths: 0.
num_vsnodes_births: 3.
num_vsnodes_deaths: 0.
num_space_committed: 203.
num_space_uncommitted: 0.
num_chunks_returned_to_freelist: 0.
num_chunks_taken_from_freelist: 505.
num_chunk_merges: 0.
num_chunk_splits: 315.
num_chunks_enlarged: 207.
num_purges: 0.
num_inconsistent_stats: 0.

CodeHeap 'non-profiled nmethods': size=120000Kb used=714Kb max_used=714Kb free=119285Kb
 bounds [0x000002108f280000, 0x000002108f4f0000, 0x00000210967b0000]
CodeHeap 'profiled nmethods': size=120000Kb used=3348Kb max_used=3348Kb free=116652Kb
 bounds [0x00000210877b0000, 0x0000021087b00000, 0x000002108ece0000]
CodeHeap 'non-nmethods': size=5760Kb used=1206Kb max_used=1244Kb free=4553Kb
 bounds [0x000002108ece0000, 0x000002108ef50000, 0x000002108f280000]
 total_blobs=2251 nmethods=1741 adapters=422
 compilation: enabled
              stopped_count=0, restarted_count=0
 full_count=0

Compilation events (20 events):
Event: 2.120 Thread 0x00000210ff4dfc20 nmethod 1733 0x000002108f324590 code [0x000002108f324720, 0x000002108f3247f8]
Event: 2.120 Thread 0x00000210ff4dfc20 1734       1       com.github.javafaker.service.files.EnFile::getPath (5 bytes)
Event: 2.120 Thread 0x00000210ff4dfc20 nmethod 1734 0x000002108f324890 code [0x000002108f324a20, 0x000002108f324af8]
Event: 2.143 Thread 0x00000210ff4c05a0 1735       4       sun.net.util.IPAddressUtil::checkHostString (53 bytes)
Event: 2.146 Thread 0x00000210ff4c05a0 nmethod 1735 0x000002108f324b90 code [0x000002108f324d40, 0x000002108f324fa8]
Event: 2.146 Thread 0x00000210ff4c05a0 1736       4       sun.net.util.IPAddressUtil::scan (92 bytes)
Event: 2.149 Thread 0x00000210ff4c05a0 nmethod 1736 0x000002108f325290 code [0x000002108f325440, 0x000002108f325708]
Event: 2.149 Thread 0x00000210ff4c05a0 1737   !   4       java.net.URL::<init> (543 bytes)
Event: 2.154 Thread 0x00000210ff4dfc20 1739       3       jdk.internal.reflect.ConstructorAccessorImpl::<init> (5 bytes)
Event: 2.154 Thread 0x00000210ff4dfc20 nmethod 1739 0x0000021087af1690 code [0x0000021087af1840, 0x0000021087af19f8]
Event: 2.163 Thread 0x00000210ff4dfc20 1740   !   3       java.util.regex.Pattern::closure (276 bytes)
Event: 2.165 Thread 0x00000210ff4dfc20 nmethod 1740 0x0000021087af1b10 code [0x0000021087af1f20, 0x0000021087af39e8]
Event: 2.165 Thread 0x00000210ff4dfc20 1741       1       java.util.Formatter$Flags::valueOf (5 bytes)
Event: 2.165 Thread 0x00000210ff4dfc20 nmethod 1741 0x000002108f325a10 code [0x000002108f325ba0, 0x000002108f325c78]
Event: 2.165 Thread 0x00000210ff4dfc20 1742       3       java.util.regex.Matcher::groupCount (10 bytes)
Event: 2.165 Thread 0x00000210ff4dfc20 nmethod 1742 0x0000021087af4390 code [0x0000021087af4520, 0x0000021087af4638]
Event: 2.165 Thread 0x00000210ff4dfc20 1743       3       java.util.Formatter$Flags::contains (22 bytes)
Event: 2.166 Thread 0x00000210ff4dfc20 nmethod 1743 0x0000021087af4710 code [0x0000021087af48a0, 0x0000021087af4a58]
Event: 2.166 Thread 0x00000210ff4dfc20 1744       3       java.util.regex.Pattern$LastNode::match (45 bytes)
Event: 2.166 Thread 0x00000210ff4dfc20 nmethod 1744 0x0000021087af4b10 code [0x0000021087af4cc0, 0x0000021087af4ed8]

GC Heap History (6 events):
Event: 0.478 GC heap before
{Heap before GC invocations=0 (full 0):
 garbage-first heap   total 131072K, used 13312K [0x0000000081600000, 0x0000000100000000)
  region size 1024K, 13 young (13312K), 0 survivors (0K)
 Metaspace       used 1364K, committed 1472K, reserved 1056768K
  class space    used 119K, committed 192K, reserved 1048576K
}
Event: 0.484 GC heap after
{Heap after GC invocations=1 (full 0):
 garbage-first heap   total 131072K, used 9280K [0x0000000081600000, 0x0000000100000000)
  region size 1024K, 2 young (2048K), 2 survivors (2048K)
 Metaspace       used 1364K, committed 1472K, reserved 1056768K
  class space    used 119K, committed 192K, reserved 1048576K
}
Event: 1.059 GC heap before
{Heap before GC invocations=1 (full 0):
 garbage-first heap   total 131072K, used 17472K [0x0000000081600000, 0x0000000100000000)
  region size 1024K, 10 young (10240K), 2 survivors (2048K)
 Metaspace       used 5604K, committed 5824K, reserved 1056768K
  class space    used 601K, committed 704K, reserved 1048576K
}
Event: 1.070 GC heap after
{Heap after GC invocations=2 (full 0):
 garbage-first heap   total 131072K, used 10450K [0x0000000081600000, 0x0000000100000000)
  region size 1024K, 2 young (2048K), 2 survivors (2048K)
 Metaspace       used 5604K, committed 5824K, reserved 1056768K
  class space    used 601K, committed 704K, reserved 1048576K
}
Event: 1.909 GC heap before
{Heap before GC invocations=2 (full 0):
 garbage-first heap   total 131072K, used 29906K [0x0000000081600000, 0x0000000100000000)
  region size 1024K, 21 young (21504K), 2 survivors (2048K)
 Metaspace       used 9940K, committed 10112K, reserved 1064960K
  class space    used 1150K, committed 1216K, reserved 1048576K
}
Event: 1.914 GC heap after
{Heap after GC invocations=3 (full 0):
 garbage-first heap   total 131072K, used 12160K [0x0000000081600000, 0x0000000100000000)
  region size 1024K, 3 young (3072K), 3 survivors (3072K)
 Metaspace       used 9940K, committed 10112K, reserved 1064960K
  class space    used 1150K, committed 1216K, reserved 1048576K
}

Deoptimization events (20 events):
Event: 2.015 Thread 0x00000210fa3dd3f0 Uncommon trap: trap_request=0xffffffc6 fr.pc=0x000002108f2dd56c relative=0x000000000000042c
Event: 2.015 Thread 0x00000210fa3dd3f0 Uncommon trap: reason=bimorphic_or_optimized_type_check action=maybe_recompile pc=0x000002108f2dd56c method=java.util.HashMap.getNode(Ljava/lang/Object;)Ljava/util/HashMap$Node; @ 128 c2
Event: 2.015 Thread 0x00000210fa3dd3f0 DEOPT PACKING pc=0x000002108f2dd56c sp=0x000000553b1fc100
Event: 2.015 Thread 0x00000210fa3dd3f0 DEOPT UNPACKING pc=0x000002108ed323a3 sp=0x000000553b1fc078 mode 2
Event: 2.034 Thread 0x00000210fa3dd3f0 Uncommon trap: trap_request=0xffffffde fr.pc=0x000002108f31f02c relative=0x000000000000010c
Event: 2.034 Thread 0x00000210fa3dd3f0 Uncommon trap: reason=class_check action=maybe_recompile pc=0x000002108f31f02c method=jdk.internal.misc.Unsafe.allocateUninitializedArray(Ljava/lang/Class;I)Ljava/lang/Object; @ 51 c2
Event: 2.034 Thread 0x00000210fa3dd3f0 DEOPT PACKING pc=0x000002108f31f02c sp=0x000000553b1fcd50
Event: 2.034 Thread 0x00000210fa3dd3f0 DEOPT UNPACKING pc=0x000002108ed323a3 sp=0x000000553b1fccd8 mode 2
Event: 2.035 Thread 0x00000210fa3dd3f0 Uncommon trap: trap_request=0xffffffde fr.pc=0x000002108f31f02c relative=0x000000000000010c
Event: 2.035 Thread 0x00000210fa3dd3f0 Uncommon trap: reason=class_check action=maybe_recompile pc=0x000002108f31f02c method=jdk.internal.misc.Unsafe.allocateUninitializedArray(Ljava/lang/Class;I)Ljava/lang/Object; @ 51 c2
Event: 2.035 Thread 0x00000210fa3dd3f0 DEOPT PACKING pc=0x000002108f31f02c sp=0x000000553b1fccc0
Event: 2.035 Thread 0x00000210fa3dd3f0 DEOPT UNPACKING pc=0x000002108ed323a3 sp=0x000000553b1fcc48 mode 2
Event: 2.046 Thread 0x00000210fa3dd3f0 Uncommon trap: trap_request=0xffffffde fr.pc=0x000002108f31f02c relative=0x000000000000010c
Event: 2.046 Thread 0x00000210fa3dd3f0 Uncommon trap: reason=class_check action=maybe_recompile pc=0x000002108f31f02c method=jdk.internal.misc.Unsafe.allocateUninitializedArray(Ljava/lang/Class;I)Ljava/lang/Object; @ 51 c2
Event: 2.046 Thread 0x00000210fa3dd3f0 DEOPT PACKING pc=0x000002108f31f02c sp=0x000000553b1fac70
Event: 2.046 Thread 0x00000210fa3dd3f0 DEOPT UNPACKING pc=0x000002108ed323a3 sp=0x000000553b1fabf8 mode 2
Event: 2.046 Thread 0x00000210fa3dd3f0 Uncommon trap: trap_request=0xffffffde fr.pc=0x000002108f31f02c relative=0x000000000000010c
Event: 2.046 Thread 0x00000210fa3dd3f0 Uncommon trap: reason=class_check action=maybe_recompile pc=0x000002108f31f02c method=jdk.internal.misc.Unsafe.allocateUninitializedArray(Ljava/lang/Class;I)Ljava/lang/Object; @ 51 c2
Event: 2.046 Thread 0x00000210fa3dd3f0 DEOPT PACKING pc=0x000002108f31f02c sp=0x000000553b1faa80
Event: 2.046 Thread 0x00000210fa3dd3f0 DEOPT UNPACKING pc=0x000002108ed323a3 sp=0x000000553b1faa08 mode 2

Classes unloaded (0 events):
No events

Classes redefined (0 events):
No events

Internal exceptions (20 events):
Event: 0.688 Thread 0x00000210fa3dd3f0 Exception <a 'java/lang/NoSuchMethodError'{0x0000000089370a38}: 'void java.lang.invoke.DirectMethodHandle$Holder.invokeStatic(java.lang.Object, java.lang.Object)'> (0x0000000089370a38) 
thrown [s\open\src\hotspot\share\interpreter\linkResolver.cpp, line 759]
Event: 0.738 Thread 0x00000210fa3dd3f0 Exception <a 'java/lang/ClassNotFoundException'{0x0000000089228420}: com/sun/org/apache/xerces/internal/impl/msg/spi/SAXMessagesProvider> (0x0000000089228420) 
thrown [s\open\src\hotspot\share\classfile\systemDictionary.cpp, line 256]
Event: 0.781 Thread 0x00000210fa3dd3f0 Exception <a 'java/lang/NoSuchMethodError'{0x00000000892fcab0}: 'java.lang.Object java.lang.invoke.DirectMethodHandle$Holder.invokeStaticInit(java.lang.Object, int, int, int, int)'> (0x00000000892fcab0) 
thrown [s\open\src\hotspot\share\interpreter\linkResolver.cpp, line 759]
Event: 0.900 Thread 0x00000210fa3dd3f0 Exception <a 'java/lang/NoSuchMethodError'{0x00000000891ddbe0}: 'java.lang.Object java.lang.invoke.DirectMethodHandle$Holder.invokeStaticInit(java.lang.Object, java.lang.Object, int, int, int, int)'> (0x00000000891ddbe0) 
thrown [s\open\src\hotspot\share\interpreter\linkResolver.cpp, line 759]
Event: 0.979 Thread 0x00000210fa3dd3f0 Exception <a 'java/lang/NoSuchMethodError'{0x0000000088f8bdf0}: 'void java.lang.invoke.DirectMethodHandle$Holder.invokeStatic(java.lang.Object, java.lang.Object, java.lang.Object)'> (0x0000000088f8bdf0) 
thrown [s\open\src\hotspot\share\interpreter\linkResolver.cpp, line 759]
Event: 0.986 Thread 0x00000210fa3dd3f0 Exception <a 'java/lang/NoSuchMethodError'{0x0000000088faf970}: 'java.lang.Object java.lang.invoke.DirectMethodHandle$Holder.invokeStatic(java.lang.Object, java.lang.Object, int)'> (0x0000000088faf970) 
thrown [s\open\src\hotspot\share\interpreter\linkResolver.cpp, line 759]
Event: 0.988 Thread 0x00000210fa3dd3f0 Exception <a 'java/lang/NoSuchMethodError'{0x0000000088fbacb0}: 'void java.lang.invoke.DelegatingMethodHandle$Holder.delegate(java.lang.Object, java.lang.Object, int, java.lang.Object)'> (0x0000000088fbacb0) 
thrown [s\open\src\hotspot\share\interpreter\linkResolver.cpp, line 759]
Event: 0.988 Thread 0x00000210fa3dd3f0 Exception <a 'java/lang/NoSuchMethodError'{0x0000000088fbedf8}: 'int java.lang.invoke.DirectMethodHandle$Holder.invokeSpecial(java.lang.Object, java.lang.Object, java.lang.Object)'> (0x0000000088fbedf8) 
thrown [s\open\src\hotspot\share\interpreter\linkResolver.cpp, line 759]
Event: 1.005 Thread 0x00000210fa3dd3f0 Exception <a 'java/lang/NoSuchMethodError'{0x0000000088e11f08}: 'java.lang.Object java.lang.invoke.DirectMethodHandle$Holder.invokeInterface(java.lang.Object, java.lang.Object)'> (0x0000000088e11f08) 
thrown [s\open\src\hotspot\share\interpreter\linkResolver.cpp, line 759]
Event: 1.006 Thread 0x00000210fa3dd3f0 Exception <a 'java/lang/IncompatibleClassChangeError'{0x0000000088e15700}: Found class java.lang.Object, but interface was expected> (0x0000000088e15700) 
thrown [s\open\src\hotspot\share\interpreter\linkResolver.cpp, line 826]
Event: 1.026 Thread 0x00000210fa3dd3f0 Exception <a 'java/lang/NoSuchMethodError'{0x0000000088e39888}: 'java.lang.Object java.lang.invoke.DirectMethodHandle$Holder.newInvokeSpecial(java.lang.Object, java.lang.Object, java.lang.Object, int, java.lang.Object)'> (0x0000000088e39888) 
thrown [s\open\src\hotspot\share\interpreter\linkResolver.cpp, line 759]
Event: 1.027 Thread 0x00000210fa3dd3f0 Exception <a 'java/lang/NoSuchMethodError'{0x0000000088e41448}: 'java.lang.Object java.lang.invoke.Invokers$Holder.linkToTargetMethod(java.lang.Object, java.lang.Object, int, java.lang.Object, java.lang.Object)'> (0x0000000088e41448) 
thrown [s\open\src\hotspot\share\interpreter\linkResolver.cpp, line 759]
Event: 1.420 Thread 0x00000210fa3dd3f0 Exception <a 'java/lang/NoSuchMethodError'{0x0000000088bfc9c0}: 'java.lang.Object java.lang.invoke.DirectMethodHandle$Holder.newInvokeSpecial(java.lang.Object, long, int, java.lang.Object)'> (0x0000000088bfc9c0) 
thrown [s\open\src\hotspot\share\interpreter\linkResolver.cpp, line 759]
Event: 1.485 Thread 0x00000210fa3dd3f0 Exception <a 'java/lang/NoSuchMethodError'{0x0000000088a841a8}: 'void java.lang.invoke.DirectMethodHandle$Holder.invokeStatic(java.lang.Object, java.lang.Object, java.lang.Object, java.lang.Object)'> (0x0000000088a841a8) 
thrown [s\open\src\hotspot\share\interpreter\linkResolver.cpp, line 759]
Event: 1.487 Thread 0x00000210fa3dd3f0 Exception <a 'java/lang/NoSuchMethodError'{0x0000000088a87e50}: 'void java.lang.invoke.DirectMethodHandle$Holder.invokeStaticInit(java.lang.Object, java.lang.Object, java.lang.Object, java.lang.Object)'> (0x0000000088a87e50) 
thrown [s\open\src\hotspot\share\interpreter\linkResolver.cpp, line 759]
Event: 1.794 Thread 0x00000210fa3dd3f0 Exception <a 'java/lang/NoSuchMethodError'{0x000000008839ea10}: 'java.lang.Object java.lang.invoke.DirectMethodHandle$Holder.newInvokeSpecial(java.lang.Object, java.lang.Object, java.lang.Object, java.lang.Object, java.lang.Object)'> (0x000000008839ea10) 
thrown [s\open\src\hotspot\share\interpreter\linkResolver.cpp, line 759]
Event: 1.884 Thread 0x00000210fa3dd3f0 Exception <a 'sun/nio/fs/WindowsException'{0x00000000881d0648}> (0x00000000881d0648) 
thrown [s\open\src\hotspot\share\prims\jni.cpp, line 516]
Event: 1.935 Thread 0x00000210fa3dd3f0 Exception <a 'java/lang/NoSuchMethodError'{0x000000008957b298}: 'int java.lang.invoke.DirectMethodHandle$Holder.invokeStaticInit(java.lang.Object, java.lang.Object, java.lang.Object)'> (0x000000008957b298) 
thrown [s\open\src\hotspot\share\interpreter\linkResolver.cpp, line 759]
Event: 1.981 Thread 0x00000210fa3dd3f0 Exception <a 'java/lang/NoSuchMethodError'{0x0000000089411970}: 'int java.lang.invoke.DirectMethodHandle$Holder.invokeInterface(java.lang.Object, java.lang.Object)'> (0x0000000089411970) 
thrown [s\open\src\hotspot\share\interpreter\linkResolver.cpp, line 759]
Event: 1.981 Thread 0x00000210fa3dd3f0 Exception <a 'java/lang/IncompatibleClassChangeError'{0x0000000089414f00}: Found class java.lang.Object, but interface was expected> (0x0000000089414f00) 
thrown [s\open\src\hotspot\share\interpreter\linkResolver.cpp, line 826]

VM Operations (20 events):
Event: 0.757 Executing VM operation: HandshakeAllThreads
Event: 0.757 Executing VM operation: HandshakeAllThreads done
Event: 0.760 Executing VM operation: HandshakeAllThreads
Event: 0.760 Executing VM operation: HandshakeAllThreads done
Event: 0.770 Executing VM operation: HandshakeAllThreads
Event: 0.770 Executing VM operation: HandshakeAllThreads done
Event: 0.910 Executing VM operation: HandshakeAllThreads
Event: 0.910 Executing VM operation: HandshakeAllThreads done
Event: 0.986 Executing VM operation: HandshakeAllThreads
Event: 0.986 Executing VM operation: HandshakeAllThreads done
Event: 1.012 Executing VM operation: HandshakeAllThreads
Event: 1.012 Executing VM operation: HandshakeAllThreads done
Event: 1.059 Executing VM operation: G1CollectForAllocation
Event: 1.070 Executing VM operation: G1CollectForAllocation done
Event: 1.628 Executing VM operation: HandshakeAllThreads
Event: 1.628 Executing VM operation: HandshakeAllThreads done
Event: 1.866 Executing VM operation: HandshakeAllThreads
Event: 1.866 Executing VM operation: HandshakeAllThreads done
Event: 1.909 Executing VM operation: G1CollectForAllocation
Event: 1.914 Executing VM operation: G1CollectForAllocation done

Events (20 events):
Event: 2.094 loading class javax/management/ObjectName$PatternProperty
Event: 2.094 loading class javax/management/ObjectName$PatternProperty done
Event: 2.094 loading class com/sun/jmx/mbeanserver/Repository$ObjectNamePattern
Event: 2.094 loading class com/sun/jmx/mbeanserver/Repository$ObjectNamePattern done
Event: 2.094 loading class java/util/Hashtable$EntrySet
Event: 2.095 loading class java/util/Hashtable$EntrySet done
Event: 2.098 loading class java/beans/PropertyChangeListener
Event: 2.098 loading class java/beans/PropertyChangeListener done
Event: 2.099 loading class com/sun/jmx/mbeanserver/StandardMBeanSupport
Event: 2.099 loading class com/sun/jmx/mbeanserver/StandardMBeanSupport done
Event: 2.099 loading class com/sun/jmx/mbeanserver/StandardMBeanIntrospector
Event: 2.099 loading class com/sun/jmx/mbeanserver/StandardMBeanIntrospector done
Event: 2.110 loading class java/security/NoSuchAlgorithmException
Event: 2.111 loading class java/security/GeneralSecurityException
Event: 2.111 loading class java/security/GeneralSecurityException done
Event: 2.111 loading class java/security/NoSuchAlgorithmException done
Event: 2.116 loading class java/util/regex/Pattern$Loop
Event: 2.117 loading class java/util/regex/Pattern$Loop done
Event: 2.117 loading class java/util/regex/Pattern$Prolog
Event: 2.117 loading class java/util/regex/Pattern$Prolog done


Dynamic libraries:
0x00007ff7b4420000 - 0x00007ff7b4430000 	C:\Program Files\Java\jdk-17\bin\javaw.exe
0x00007ff9d8d80000 - 0x00007ff9d8f89000 	C:\WINDOWS\SYSTEM32\ntdll.dll
0x00007ff9d7540000 - 0x00007ff9d75fe000 	C:\WINDOWS\System32\KERNEL32.DLL
0x00007ff9d62b0000 - 0x00007ff9d6634000 	C:\WINDOWS\System32\KERNELBASE.dll
0x00007ff9d68c0000 - 0x00007ff9d69d1000 	C:\WINDOWS\System32\ucrtbase.dll
0x00007ff9b4d80000 - 0x00007ff9b4d9b000 	C:\Program Files\Java\jdk-17\bin\VCRUNTIME140.dll
0x00007ff9b56d0000 - 0x00007ff9b56e9000 	C:\Program Files\Java\jdk-17\bin\jli.dll
0x00007ff9d7ca0000 - 0x00007ff9d7d4f000 	C:\WINDOWS\System32\ADVAPI32.dll
0x00007ff9d8230000 - 0x00007ff9d82d3000 	C:\WINDOWS\System32\msvcrt.dll
0x00007ff9d8ca0000 - 0x00007ff9d8d3e000 	C:\WINDOWS\System32\sechost.dll
0x00007ff9d7f10000 - 0x00007ff9d8031000 	C:\WINDOWS\System32\RPCRT4.dll
0x00007ff9d71c0000 - 0x00007ff9d736d000 	C:\WINDOWS\System32\USER32.dll
0x00007ff9d6210000 - 0x00007ff9d6236000 	C:\WINDOWS\System32\win32u.dll
0x00007ff9caab0000 - 0x00007ff9cad55000 	C:\WINDOWS\WinSxS\amd64_microsoft.windows.common-controls_6595b64144ccf1df_6.0.22000.120_none_9d947278b86cc467\COMCTL32.dll
0x00007ff9d7030000 - 0x00007ff9d705a000 	C:\WINDOWS\System32\GDI32.dll
0x00007ff9d66e0000 - 0x00007ff9d67ff000 	C:\WINDOWS\System32\gdi32full.dll
0x00007ff9d6640000 - 0x00007ff9d66dd000 	C:\WINDOWS\System32\msvcp_win.dll
0x00007ff9cd1f0000 - 0x00007ff9cd1fa000 	C:\WINDOWS\SYSTEM32\VERSION.dll
0x00007ff9d81f0000 - 0x00007ff9d8221000 	C:\WINDOWS\System32\IMM32.DLL
0x00007ff9b56c0000 - 0x00007ff9b56cc000 	C:\Program Files\Java\jdk-17\bin\vcruntime140_1.dll
0x00007ff9b49c0000 - 0x00007ff9b4a4e000 	C:\Program Files\Java\jdk-17\bin\msvcp140.dll
0x00007ff9b3de0000 - 0x00007ff9b49bd000 	C:\Program Files\Java\jdk-17\bin\server\jvm.dll
0x00007ff9d81e0000 - 0x00007ff9d81e8000 	C:\WINDOWS\System32\PSAPI.DLL
0x00007ff9cc930000 - 0x00007ff9cc963000 	C:\WINDOWS\SYSTEM32\WINMM.dll
0x00007ff9cb1f0000 - 0x00007ff9cb1f9000 	C:\WINDOWS\SYSTEM32\WSOCK32.dll
0x00007ff9d8c30000 - 0x00007ff9d8c9f000 	C:\WINDOWS\System32\WS2_32.dll
0x00007ff9d5270000 - 0x00007ff9d5288000 	C:\WINDOWS\SYSTEM32\kernel.appcore.dll
0x00007ff9b4d70000 - 0x00007ff9b4d7a000 	C:\Program Files\Java\jdk-17\bin\jimage.dll
0x00007ff9c5980000 - 0x00007ff9c5ba1000 	C:\WINDOWS\SYSTEM32\DBGHELP.DLL
0x00007ff9cb200000 - 0x00007ff9cb231000 	C:\WINDOWS\SYSTEM32\dbgcore.DLL
0x00007ff9d69e0000 - 0x00007ff9d6a5f000 	C:\WINDOWS\System32\bcryptPrimitives.dll
0x00007ff9b4d40000 - 0x00007ff9b4d65000 	C:\Program Files\Java\jdk-17\bin\java.dll
0x00007ff9b31e0000 - 0x00007ff9b32b7000 	C:\Program Files\Java\jdk-17\bin\jsvml.dll
0x00007ff9d83d0000 - 0x00007ff9d8b95000 	C:\WINDOWS\System32\SHELL32.dll
0x00007ff9d42d0000 - 0x00007ff9d4b34000 	C:\WINDOWS\SYSTEM32\windows.storage.dll
0x00007ff9d6bd0000 - 0x00007ff9d6f46000 	C:\WINDOWS\System32\combase.dll
0x00007ff9d4160000 - 0x00007ff9d42c7000 	C:\WINDOWS\SYSTEM32\wintypes.dll
0x00007ff9d7060000 - 0x00007ff9d714a000 	C:\WINDOWS\System32\SHCORE.dll
0x00007ff9d7160000 - 0x00007ff9d71bd000 	C:\WINDOWS\System32\shlwapi.dll
0x00007ff9d6140000 - 0x00007ff9d6165000 	C:\WINDOWS\SYSTEM32\profapi.dll
0x00007ff9b2770000 - 0x00007ff9b2789000 	C:\Program Files\Java\jdk-17\bin\net.dll
0x00007ff9d1510000 - 0x00007ff9d1623000 	C:\WINDOWS\SYSTEM32\WINHTTP.dll
0x00007ff9d5720000 - 0x00007ff9d5787000 	C:\WINDOWS\system32\mswsock.dll
0x00007ff9b2750000 - 0x00007ff9b2766000 	C:\Program Files\Java\jdk-17\bin\nio.dll
0x00007ff9b2730000 - 0x00007ff9b2748000 	C:\Program Files\Java\jdk-17\bin\zip.dll
0x00007ff9d4dc0000 - 0x00007ff9d4ea7000 	C:\WINDOWS\SYSTEM32\DNSAPI.dll
0x00007ff9d4d90000 - 0x00007ff9d4dbd000 	C:\WINDOWS\SYSTEM32\IPHLPAPI.DLL
0x00007ff9d76d0000 - 0x00007ff9d76d9000 	C:\WINDOWS\System32\NSI.dll
0x0000000058800000 - 0x0000000058826000 	C:\Program Files\Bonjour\mdnsNSP.dll
0x00007ff9d03d0000 - 0x00007ff9d03da000 	C:\Windows\System32\rasadhlp.dll
0x00007ff9d04f0000 - 0x00007ff9d0572000 	C:\WINDOWS\System32\fwpuclnt.dll
0x00007ff9d5980000 - 0x00007ff9d5998000 	C:\WINDOWS\SYSTEM32\CRYPTSP.dll
0x00007ff9d51d0000 - 0x00007ff9d5205000 	C:\WINDOWS\system32\rsaenh.dll
0x00007ff9d5820000 - 0x00007ff9d584c000 	C:\WINDOWS\SYSTEM32\USERENV.dll
0x00007ff9d5af0000 - 0x00007ff9d5b17000 	C:\WINDOWS\SYSTEM32\bcrypt.dll
0x00007ff9d5970000 - 0x00007ff9d597c000 	C:\WINDOWS\SYSTEM32\CRYPTBASE.dll
0x00007ff9d14a0000 - 0x00007ff9d14b9000 	C:\WINDOWS\SYSTEM32\dhcpcsvc6.DLL
0x00007ff9d1ee0000 - 0x00007ff9d1efe000 	C:\WINDOWS\SYSTEM32\dhcpcsvc.DLL
0x00007ff9b4eb0000 - 0x00007ff9b4eba000 	C:\Program Files\Java\jdk-17\bin\management.dll
0x00007ff9b4e20000 - 0x00007ff9b4e2b000 	C:\Program Files\Java\jdk-17\bin\management_ext.dll
0x00007ff9b8540000 - 0x00007ff9b8557000 	C:\WINDOWS\system32\napinsp.dll
0x00007ff9b8520000 - 0x00007ff9b853b000 	C:\WINDOWS\system32\pnrpnsp.dll
0x00007ff9b84b0000 - 0x00007ff9b84c2000 	C:\WINDOWS\System32\winrnr.dll
0x00007ff9b7400000 - 0x00007ff9b7415000 	C:\WINDOWS\system32\wshbth.dll
0x00007ff9b73e0000 - 0x00007ff9b73ff000 	C:\WINDOWS\system32\nlansp_c.dll

dbghelp: loaded successfully - version: 4.0.5 - missing functions: none
symbol engine: initialized successfully - sym options: 0x614 - pdb path: .;C:\Program Files\Java\jdk-17\bin;C:\WINDOWS\SYSTEM32;C:\WINDOWS\WinSxS\amd64_microsoft.windows.common-controls_6595b64144ccf1df_6.0.22000.120_none_9d947278b86cc467;C:\Program Files\Java\jdk-17\bin\server;C:\Program Files\Bonjour

VM Arguments:
jvm_args: -ea -Dfile.encoding=UTF-8 -XX:+ShowCodeDetailsInExceptionMessages 
java_command: org.testng.remote.RemoteTestNG -serport 50658 -protocol json -d D:\Sanjiv_QA\Eclipse Project\HRMS_UI\test-output D:\Sanjiv_QA\Eclipse Project\HRMS_UI\testng.xml
java_class_path (initial): C:\Users\JKL-Maulik\eclipse\java-2023-06\eclipse\configuration\org.eclipse.osgi\520\0\.cp\lib\testng-remote.jar;D:\Sanjiv_QA\Eclipse Project\HRMS_UI\target\test-classes;D:\Sanjiv_QA\Eclipse Project\HRMS_UI\target\classes;C:\Users\JKL-Maulik\.p2\pool\plugins\org.testng_7.8.0.r202306071539.jar;C:\Users\JKL-Maulik\.p2\pool\plugins\com.beust.jcommander_1.82.0.jar;C:\Users\JKL-Maulik\.p2\pool\plugins\org.apache-extras.beanshell.bsh_2.0.0.b6.jar;C:\Users\JKL-Maulik\.p2\pool\plugins\org.yaml.snakeyaml_1.27.0.v20221112-0806.jar;C:\Users\JKL-Maulik\.p2\pool\plugins\org.webjars.jquery_3.6.1.jar;C:\Users\JKL-Maulik\.m2\repository\junit\junit\4.11\junit-4.11.jar;C:\Users\JKL-Maulik\.m2\repository\org\hamcrest\hamcrest-core\1.3\hamcrest-core-1.3.jar;C:\Users\JKL-Maulik\.m2\repository\io\github\bonigarcia\webdrivermanager\5.4.0\webdrivermanager-5.4.0.jar;C:\Users\JKL-Maulik\.m2\repository\org\slf4j\slf4j-api\2.0.7\slf4j-api-2.0.7.jar;C:\Users\JKL-Maulik\.m2\repository\com\google\code\gson\gson\2.10.1\gson-2.10.1.jar;C:\Users\JKL-Maulik\.m2\repository\com\github\docker-java\docker-java\3.3.1\docker-java-3.3.1.jar;C:\Users\JKL-Maulik\.m2\repository\com\github\docker-java\docker-java-core\3.3.1\docker-java-core-3.3.1.jar;C:\Users\JKL-Maulik\.m2\repository\com\github\docker-java\docker-java-api\3.3.1\docker-java-api-3.3.1.jar;C:\Users\JKL-Maulik\.m2\repository\org\bouncycastle\bcpkix-jdk15on\1.64\bcpkix-jdk15on-1.64.jar;C:\Users\JKL-Maulik\.m2\repository\org\bouncycastle\bcprov-jdk15on\1.64\bcprov-jdk15on-1.64.jar;C:\Users\JKL-Maulik\.m2\repository\org\slf4j\jcl-over-slf4j\1.7.30\jcl-over-slf4j-1.7.30.jar;C:\Users\JKL-Maulik\.m2\repository\com\github\docker-java\docker-java-transport-httpclient5\3.3.1\docker-java-transport-httpclient5-3.3.1.jar;C:\Users\JKL-Maulik\.m2\repository\com\github\docker-java\docker-java-transport\3.3.1\docker-java-transport-3.3.1.jar;C:\Users\JKL-Maulik\.m2\repository\net\java\dev\jna\jna\5.12.1\jna-5.12.1.jar;C:\Users\JKL-Mauli
Launcher Type: SUN_STANDARD

[Global flags]
     intx CICompilerCount                          = 3                                         {product} {ergonomic}
     uint ConcGCThreads                            = 1                                         {product} {ergonomic}
     uint G1ConcRefinementThreads                  = 4                                         {product} {ergonomic}
   size_t G1HeapRegionSize                         = 1048576                                   {product} {ergonomic}
    uintx GCDrainStackTargetSize                   = 64                                        {product} {ergonomic}
   size_t InitialHeapSize                          = 134217728                                 {product} {ergonomic}
   size_t MarkStackSize                            = 4194304                                   {product} {ergonomic}
   size_t MaxHeapSize                              = 2124414976                                {product} {ergonomic}
   size_t MaxNewSize                               = 1274019840                                {product} {ergonomic}
   size_t MinHeapDeltaBytes                        = 1048576                                   {product} {ergonomic}
   size_t MinHeapSize                              = 8388608                                   {product} {ergonomic}
    uintx NonNMethodCodeHeapSize                   = 5832780                                {pd product} {ergonomic}
    uintx NonProfiledCodeHeapSize                  = 122912730                              {pd product} {ergonomic}
    uintx ProfiledCodeHeapSize                     = 122912730                              {pd product} {ergonomic}
    uintx ReservedCodeCacheSize                    = 251658240                              {pd product} {ergonomic}
     bool SegmentedCodeCache                       = true                                      {product} {ergonomic}
     bool ShowCodeDetailsInExceptionMessages       = true                                   {manageable} {command line}
   size_t SoftMaxHeapSize                          = 2124414976                             {manageable} {ergonomic}
     bool UseCompressedClassPointers               = true                           {product lp64_product} {ergonomic}
     bool UseCompressedOops                        = true                           {product lp64_product} {ergonomic}
     bool UseG1GC                                  = true                                      {product} {ergonomic}
     bool UseLargePagesIndividualAllocation        = false                                  {pd product} {ergonomic}

Logging:
Log output configuration:
 #0: stdout all=warning uptime,level,tags
 #1: stderr all=off uptime,level,tags

Environment Variables:
PATH=C:\Program Files\Common Files\Oracle\Java\javapath;C:\Python310\Scripts\;C:\Python310\;C:\Windows\system32;C:\Windows;C:\Windows\System32\Wbem;C:\Windows\System32\WindowsPowerShell\v1.0\;C:\Windows\System32\OpenSSH\;C:\ProgramData\chocolatey\bin;C:\Program Files\Microsoft SQL Server\150\Tools\Binn\;C:\Program Files\Microsoft SQL Server\Client SDK\ODBC\170\Tools\Binn\;C:\Program Files (x86)\Microsoft SQL Server\150\DTS\Binn\;C:\Program Files\Azure Data Studio\bin;C:\WINDOWS\system32;C:\WINDOWS;C:\WINDOWS\System32\Wbem;C:\WINDOWS\System32\WindowsPowerShell\v1.0\;C:\WINDOWS\System32\OpenSSH\;C:\Program Files\Git\cmd;C:\Program Files (x86)\Microsoft SQL Server\150\Tools\Binn\;C:\Program Files\Microsoft SQL Server\150\DTS\Binn\;C:\Program Files\Amazon\AWSCLIV2\;C:\Program Files\nodejs\;C:\WINDOWS\system32;C:\WINDOWS;C:\WINDOWS\System32\Wbem;C:\WINDOWS\System32\WindowsPowerShell\v1.0\;C:\WINDOWS\System32\OpenSSH\;C:\Program Files\dotnet\;C:\Users\Public\QA\Spring boot File upload and download\spring-boot-file-upload-download-rest-api-master\target;C:\Program Files\Java\jdk-17;C:\Program Files\Java\jdk-17\bin\bin;C:\Users\JKL-Maulik\Maven\apache-maven-3.9.2\bin;C:\Program Files\Google\Chrome\Application;C:\Program Files\MySQL\MySQL Shell 8.0\bin\;C:\Users\JKL-Maulik\AppData\Local\Microsoft\WindowsApps;C:\Users\JKL-Maulik\AppData\Local\Programs\Microsoft VS Code\bin;C:\Program Files\Azure Data Studio\bin;C:\Users\JKL-Maulik\AppData\Roaming\npm;C:\Users\JKL-Maulik\.dotnet\tools;C:\Users\JKL-Maulik\Maven\apache-maven-3.9.2\bin;C:\Users\JKL-Maulik\Maven\apache-maven-3.9.2;C:\Users\JKL-Maulik\Maven\apache-maven-3.9.2;C:\Users\JKL-Maulik\Maven\apache-maven-3.9.2\bin\bin;C:\Program Files\Java\jdk-17;C:\Program Files\Java\jdk-17\bin\bin;
USERNAME=JKL-Maulik
OS=Windows_NT
PROCESSOR_IDENTIFIER=Intel64 Family 6 Model 60 Stepping 3, GenuineIntel



---------------  S Y S T E M  ---------------

OS:
 Windows 11 , 64 bit Build 22000 (10.0.22000.2124)
OS uptime: 0 days 23:47 hours
Hyper-V role detected

CPU: total 4 (initial active 4) (4 cores per cpu, 1 threads per core) family 6 model 60 stepping 3 microcode 0x28, cx8, cmov, fxsr, mmx, sse, sse2, sse3, ssse3, sse4.1, sse4.2, popcnt, lzcnt, tsc, tscinvbit, avx, avx2, aes, erms, clmul, bmi1, bmi2, fma, vzeroupper, clflush, hv

Memory: 4k page, system-wide physical 8103M (560M free)
TotalPageFile size 29153M (AvailPageFile size 7M)
current process WorkingSet (physical memory assigned to process): 110M, peak: 112M
current process commit charge ("private bytes"): 242M, peak: 247M

vm_info: Java HotSpot(TM) 64-Bit Server VM (17.0.7+8-LTS-224) for windows-amd64 JRE (17.0.7+8-LTS-224), built on Feb 28 2023 23:03:02 by "mach5one" with MS VC++ 17.1 (VS2022)

END.
