#
# There is insufficient memory for the Java Runtime Environment to continue.
# Native memory allocation (malloc) failed to allocate 815936 bytes for Chunk::new
# Possible reasons:
#   The system is out of physical RAM or swap space
#   The process is running with CompressedOops enabled, and the Java Heap may be blocking the growth of the native heap
# Possible solutions:
#   Reduce memory load on the system
#   Increase physical memory or swap space
#   Check if swap backing store is full
#   Decrease Java heap size (-Xmx/-Xms)
#   Decrease number of Java threads
#   Decrease Java thread stack sizes (-Xss)
#   Set larger code cache with -XX:ReservedCodeCacheSize=
#   JVM is running with Unscaled Compressed Oops mode in which the Java heap is
#     placed in the first 4GB address space. The Java Heap base address is the
#     maximum limit for the native heap growth. Please use -XX:HeapBaseMinAddress
#     to set the Java Heap base and to place the Java Heap above 4GB virtual address.
# This output file may be truncated or incomplete.
#
#  Out of Memory Error (arena.cpp:189), pid=17084, tid=16940
#
# JRE version: Java(TM) SE Runtime Environment (17.0.7+8) (build 17.0.7+8-LTS-224)
# Java VM: Java HotSpot(TM) 64-Bit Server VM (17.0.7+8-LTS-224, mixed mode, sharing, tiered, compressed oops, compressed class ptrs, g1 gc, windows-amd64)
# No core dump will be written. Minidumps are not enabled by default on client versions of Windows
#

---------------  S U M M A R Y ------------

Command Line: -ea -Dfile.encoding=UTF-8 -XX:+ShowCodeDetailsInExceptionMessages org.testng.remote.RemoteTestNG -serport 50680 -protocol json -d D:\Sanjiv_QA\Eclipse Project\HRMS_UI\test-output D:\Sanjiv_QA\Eclipse Project\HRMS_UI\testng.xml

Host: Intel(R) Core(TM) i5-4590 CPU @ 3.30GHz, 4 cores, 7G,  Windows 11 , 64 bit Build 22000 (10.0.22000.2124)
Time: Wed Aug  9 00:31:01 2023 India Standard Time elapsed time: 1.463696 seconds (0d 0h 0m 1s)

---------------  T H R E A D  ---------------

Current thread (0x000001f3d0d02f30):  JavaThread "C2 CompilerThread1" daemon [_thread_in_native, id=16940, stack(0x000000c7a7100000,0x000000c7a7200000)]


Current CompileTask:
C2:   1463 1568       4       jdk.internal.org.objectweb.asm.Frame::execute (2305 bytes)

Stack: [0x000000c7a7100000,0x000000c7a7200000]
Native frames: (J=compiled Java code, j=interpreted, Vv=VM code, C=native code)
V  [jvm.dll+0x676a4a]
V  [jvm.dll+0x7d74f4]
V  [jvm.dll+0x7d8c9e]
V  [jvm.dll+0x7d9303]
V  [jvm.dll+0x2452c5]
V  [jvm.dll+0xaaa2b]
V  [jvm.dll+0xaafcc]
V  [jvm.dll+0x2aac2f]
V  [jvm.dll+0x57f375]
V  [jvm.dll+0x2205f2]
V  [jvm.dll+0x2195df]
V  [jvm.dll+0x216df9]
V  [jvm.dll+0x1a35e0]
V  [jvm.dll+0x226a6e]
V  [jvm.dll+0x224e15]
V  [jvm.dll+0x78d05c]
V  [jvm.dll+0x78759a]
V  [jvm.dll+0x675875]
C  [ucrtbase.dll+0x26c0c]
C  [KERNEL32.DLL+0x155a0]
C  [ntdll.dll+0x485b]


---------------  P R O C E S S  ---------------

Threads class SMR info:
_java_thread_list=0x000001f3d0cec500, length=14, elements={
0x000001f3b1c2bab0, 0x000001f3cf4a3b20, 0x000001f3cf4a46d0, 0x000001f3cf4b8d30,
0x000001f3cf4bb600, 0x000001f3cf4bbec0, 0x000001f3cf4bd790, 0x000001f3cf4be430,
0x000001f3cf4d2ac0, 0x000001f3cf52d320, 0x000001f3d0200b90, 0x000001f3d021a640,
0x000001f3d0becff0, 0x000001f3d0d02f30
}

Java Threads: ( => current thread )
  0x000001f3b1c2bab0 JavaThread "main" [_thread_in_Java, id=11604, stack(0x000000c7a5a00000,0x000000c7a5b00000)]
  0x000001f3cf4a3b20 JavaThread "Reference Handler" daemon [_thread_blocked, id=3304, stack(0x000000c7a6100000,0x000000c7a6200000)]
  0x000001f3cf4a46d0 JavaThread "Finalizer" daemon [_thread_blocked, id=16604, stack(0x000000c7a6200000,0x000000c7a6300000)]
  0x000001f3cf4b8d30 JavaThread "Signal Dispatcher" daemon [_thread_blocked, id=4000, stack(0x000000c7a6300000,0x000000c7a6400000)]
  0x000001f3cf4bb600 JavaThread "Attach Listener" daemon [_thread_blocked, id=9152, stack(0x000000c7a6400000,0x000000c7a6500000)]
  0x000001f3cf4bbec0 JavaThread "Service Thread" daemon [_thread_blocked, id=4528, stack(0x000000c7a6500000,0x000000c7a6600000)]
  0x000001f3cf4bd790 JavaThread "Monitor Deflation Thread" daemon [_thread_blocked, id=17052, stack(0x000000c7a6600000,0x000000c7a6700000)]
  0x000001f3cf4be430 JavaThread "C2 CompilerThread0" daemon [_thread_in_native, id=12104, stack(0x000000c7a6700000,0x000000c7a6800000)]
  0x000001f3cf4d2ac0 JavaThread "C1 CompilerThread0" daemon [_thread_blocked, id=5516, stack(0x000000c7a6800000,0x000000c7a6900000)]
  0x000001f3cf52d320 JavaThread "Sweeper thread" daemon [_thread_blocked, id=16136, stack(0x000000c7a6900000,0x000000c7a6a00000)]
  0x000001f3d0200b90 JavaThread "Notification Thread" daemon [_thread_blocked, id=17996, stack(0x000000c7a6a00000,0x000000c7a6b00000)]
  0x000001f3d021a640 JavaThread "Common-Cleaner" daemon [_thread_blocked, id=13392, stack(0x000000c7a6c00000,0x000000c7a6d00000)]
  0x000001f3d0becff0 JavaThread "ReaderThread" [_thread_in_native, id=18448, stack(0x000000c7a7000000,0x000000c7a7100000)]
=>0x000001f3d0d02f30 JavaThread "C2 CompilerThread1" daemon [_thread_in_native, id=16940, stack(0x000000c7a7100000,0x000000c7a7200000)]

Other Threads:
  0x000001f3cf49e080 VMThread "VM Thread" [stack: 0x000000c7a6000000,0x000000c7a6100000] [id=2792]
  0x000001f3b1ca5ca0 WatcherThread [stack: 0x000000c7a6b00000,0x000000c7a6c00000] [id=16728]
  0x000001f3b1c862d0 GCTaskThread "GC Thread#0" [stack: 0x000000c7a5b00000,0x000000c7a5c00000] [id=15356]
  0x000001f3d04456c0 GCTaskThread "GC Thread#1" [stack: 0x000000c7a6d00000,0x000000c7a6e00000] [id=9392]
  0x000001f3d04441d0 GCTaskThread "GC Thread#2" [stack: 0x000000c7a6e00000,0x000000c7a6f00000] [id=14400]
  0x000001f3d0e6f130 GCTaskThread "GC Thread#3" [stack: 0x000000c7a7200000,0x000000c7a7300000] [id=1288]
  0x000001f3b1c97850 ConcurrentGCThread "G1 Main Marker" [stack: 0x000000c7a5c00000,0x000000c7a5d00000] [id=17080]
  0x000001f3b1c98260 ConcurrentGCThread "G1 Conc#0" [stack: 0x000000c7a5d00000,0x000000c7a5e00000] [id=7464]
  0x000001f3b1cee3f0 ConcurrentGCThread "G1 Refine#0" [stack: 0x000000c7a5e00000,0x000000c7a5f00000] [id=9148]
  0x000001f3b1ceecb0 ConcurrentGCThread "G1 Service" [stack: 0x000000c7a5f00000,0x000000c7a6000000] [id=4180]

Threads with active compile tasks:
C2 CompilerThread0     1482 1688       4       java.lang.String$CaseInsensitiveComparator::compare (68 bytes)
C2 CompilerThread1     1482 1568       4       jdk.internal.org.objectweb.asm.Frame::execute (2305 bytes)

VM state: not at safepoint (normal execution)

VM Mutex/Monitor currently owned by a thread: None

Heap address: 0x0000000081600000, size: 2026 MB, Compressed Oops mode: 32-bit

CDS archive(s) mapped at: [0x0000000800000000-0x0000000800bd0000-0x0000000800bd0000), size 12386304, SharedBaseAddress: 0x0000000800000000, ArchiveRelocationMode: 0.
Compressed class space mapped at: 0x0000000800c00000-0x0000000840c00000, reserved size: 1073741824
Narrow klass base: 0x0000000800000000, Narrow klass shift: 0, Narrow klass range: 0x100000000

GC Precious Log:
 CPUs: 4 total, 4 available
 Memory: 8103M
 Large Page Support: Disabled
 NUMA Support: Disabled
 Compressed Oops: Enabled (32-bit)
 Heap Region Size: 1M
 Heap Min Capacity: 8M
 Heap Initial Capacity: 128M
 Heap Max Capacity: 2026M
 Pre-touch: Disabled
 Parallel Workers: 4
 Concurrent Workers: 1
 Concurrent Refinement Workers: 4
 Periodic GC: Disabled

Heap:
 garbage-first heap   total 131072K, used 14177K [0x0000000081600000, 0x0000000100000000)
  region size 1024K, 6 young (6144K), 3 survivors (3072K)
 Metaspace       used 11631K, committed 11904K, reserved 1064960K
  class space    used 1352K, committed 1472K, reserved 1048576K

Heap Regions: E=young(eden), S=young(survivor), O=old, HS=humongous(starts), HC=humongous(continues), CS=collection set, F=free, OA=open archive, CA=closed archive, TAMS=top-at-mark-start (previous, next)
|   0|0x0000000081600000, 0x0000000081700000, 0x0000000081700000|100%|HS|  |TAMS 0x0000000081600000, 0x0000000081600000| Complete 
|   1|0x0000000081700000, 0x0000000081800000, 0x0000000081800000|100%| O|  |TAMS 0x0000000081700000, 0x0000000081700000| Untracked 
|   2|0x0000000081800000, 0x0000000081900000, 0x0000000081900000|100%| O|  |TAMS 0x0000000081800000, 0x0000000081800000| Untracked 
|   3|0x0000000081900000, 0x0000000081a00000, 0x0000000081a00000|100%| O|  |TAMS 0x0000000081900000, 0x0000000081900000| Untracked 
|   4|0x0000000081a00000, 0x0000000081b00000, 0x0000000081b00000|100%| O|  |TAMS 0x0000000081a00000, 0x0000000081a00000| Untracked 
|   5|0x0000000081b00000, 0x0000000081c00000, 0x0000000081c00000|100%| O|  |TAMS 0x0000000081b00000, 0x0000000081b00000| Untracked 
|   6|0x0000000081c00000, 0x0000000081d00000, 0x0000000081d00000|100%| O|  |TAMS 0x0000000081c00000, 0x0000000081c00000| Untracked 
|   7|0x0000000081d00000, 0x0000000081e00000, 0x0000000081e00000|100%| O|  |TAMS 0x0000000081d00000, 0x0000000081d00000| Untracked 
|   8|0x0000000081e00000, 0x0000000081ef6800, 0x0000000081f00000| 96%| O|  |TAMS 0x0000000081e00000, 0x0000000081e00000| Untracked 
|   9|0x0000000081f00000, 0x0000000081f00000, 0x0000000082000000|  0%| F|  |TAMS 0x0000000081f00000, 0x0000000081f00000| Untracked 
|  10|0x0000000082000000, 0x0000000082000000, 0x0000000082100000|  0%| F|  |TAMS 0x0000000082000000, 0x0000000082000000| Untracked 
|  11|0x0000000082100000, 0x0000000082100000, 0x0000000082200000|  0%| F|  |TAMS 0x0000000082100000, 0x0000000082100000| Untracked 
|  12|0x0000000082200000, 0x0000000082200000, 0x0000000082300000|  0%| F|  |TAMS 0x0000000082200000, 0x0000000082200000| Untracked 
|  13|0x0000000082300000, 0x0000000082300000, 0x0000000082400000|  0%| F|  |TAMS 0x0000000082300000, 0x0000000082300000| Untracked 
|  14|0x0000000082400000, 0x0000000082400000, 0x0000000082500000|  0%| F|  |TAMS 0x0000000082400000, 0x0000000082400000| Untracked 
|  15|0x0000000082500000, 0x0000000082500000, 0x0000000082600000|  0%| F|  |TAMS 0x0000000082500000, 0x0000000082500000| Untracked 
|  16|0x0000000082600000, 0x0000000082600000, 0x0000000082700000|  0%| F|  |TAMS 0x0000000082600000, 0x0000000082600000| Untracked 
|  17|0x0000000082700000, 0x0000000082700000, 0x0000000082800000|  0%| F|  |TAMS 0x0000000082700000, 0x0000000082700000| Untracked 
|  18|0x0000000082800000, 0x0000000082800000, 0x0000000082900000|  0%| F|  |TAMS 0x0000000082800000, 0x0000000082800000| Untracked 
|  19|0x0000000082900000, 0x0000000082900000, 0x0000000082a00000|  0%| F|  |TAMS 0x0000000082900000, 0x0000000082900000| Untracked 
|  20|0x0000000082a00000, 0x0000000082a00000, 0x0000000082b00000|  0%| F|  |TAMS 0x0000000082a00000, 0x0000000082a00000| Untracked 
|  21|0x0000000082b00000, 0x0000000082b00000, 0x0000000082c00000|  0%| F|  |TAMS 0x0000000082b00000, 0x0000000082b00000| Untracked 
|  22|0x0000000082c00000, 0x0000000082c00000, 0x0000000082d00000|  0%| F|  |TAMS 0x0000000082c00000, 0x0000000082c00000| Untracked 
|  23|0x0000000082d00000, 0x0000000082d00000, 0x0000000082e00000|  0%| F|  |TAMS 0x0000000082d00000, 0x0000000082d00000| Untracked 
|  24|0x0000000082e00000, 0x0000000082e00000, 0x0000000082f00000|  0%| F|  |TAMS 0x0000000082e00000, 0x0000000082e00000| Untracked 
|  25|0x0000000082f00000, 0x0000000082f00000, 0x0000000083000000|  0%| F|  |TAMS 0x0000000082f00000, 0x0000000082f00000| Untracked 
|  26|0x0000000083000000, 0x0000000083000000, 0x0000000083100000|  0%| F|  |TAMS 0x0000000083000000, 0x0000000083000000| Untracked 
|  27|0x0000000083100000, 0x0000000083100000, 0x0000000083200000|  0%| F|  |TAMS 0x0000000083100000, 0x0000000083100000| Untracked 
|  28|0x0000000083200000, 0x0000000083200000, 0x0000000083300000|  0%| F|  |TAMS 0x0000000083200000, 0x0000000083200000| Untracked 
|  29|0x0000000083300000, 0x0000000083300000, 0x0000000083400000|  0%| F|  |TAMS 0x0000000083300000, 0x0000000083300000| Untracked 
|  30|0x0000000083400000, 0x0000000083400000, 0x0000000083500000|  0%| F|  |TAMS 0x0000000083400000, 0x0000000083400000| Untracked 
|  31|0x0000000083500000, 0x0000000083500000, 0x0000000083600000|  0%| F|  |TAMS 0x0000000083500000, 0x0000000083500000| Untracked 
|  32|0x0000000083600000, 0x0000000083600000, 0x0000000083700000|  0%| F|  |TAMS 0x0000000083600000, 0x0000000083600000| Untracked 
|  33|0x0000000083700000, 0x0000000083700000, 0x0000000083800000|  0%| F|  |TAMS 0x0000000083700000, 0x0000000083700000| Untracked 
|  34|0x0000000083800000, 0x0000000083800000, 0x0000000083900000|  0%| F|  |TAMS 0x0000000083800000, 0x0000000083800000| Untracked 
|  35|0x0000000083900000, 0x0000000083900000, 0x0000000083a00000|  0%| F|  |TAMS 0x0000000083900000, 0x0000000083900000| Untracked 
|  36|0x0000000083a00000, 0x0000000083a00000, 0x0000000083b00000|  0%| F|  |TAMS 0x0000000083a00000, 0x0000000083a00000| Untracked 
|  37|0x0000000083b00000, 0x0000000083b00000, 0x0000000083c00000|  0%| F|  |TAMS 0x0000000083b00000, 0x0000000083b00000| Untracked 
|  38|0x0000000083c00000, 0x0000000083c00000, 0x0000000083d00000|  0%| F|  |TAMS 0x0000000083c00000, 0x0000000083c00000| Untracked 
|  39|0x0000000083d00000, 0x0000000083d00000, 0x0000000083e00000|  0%| F|  |TAMS 0x0000000083d00000, 0x0000000083d00000| Untracked 
|  40|0x0000000083e00000, 0x0000000083e00000, 0x0000000083f00000|  0%| F|  |TAMS 0x0000000083e00000, 0x0000000083e00000| Untracked 
|  41|0x0000000083f00000, 0x0000000083f00000, 0x0000000084000000|  0%| F|  |TAMS 0x0000000083f00000, 0x0000000083f00000| Untracked 
|  42|0x0000000084000000, 0x0000000084000000, 0x0000000084100000|  0%| F|  |TAMS 0x0000000084000000, 0x0000000084000000| Untracked 
|  43|0x0000000084100000, 0x0000000084100000, 0x0000000084200000|  0%| F|  |TAMS 0x0000000084100000, 0x0000000084100000| Untracked 
|  44|0x0000000084200000, 0x0000000084200000, 0x0000000084300000|  0%| F|  |TAMS 0x0000000084200000, 0x0000000084200000| Untracked 
|  45|0x0000000084300000, 0x0000000084300000, 0x0000000084400000|  0%| F|  |TAMS 0x0000000084300000, 0x0000000084300000| Untracked 
|  46|0x0000000084400000, 0x0000000084400000, 0x0000000084500000|  0%| F|  |TAMS 0x0000000084400000, 0x0000000084400000| Untracked 
|  47|0x0000000084500000, 0x0000000084500000, 0x0000000084600000|  0%| F|  |TAMS 0x0000000084500000, 0x0000000084500000| Untracked 
|  48|0x0000000084600000, 0x0000000084600000, 0x0000000084700000|  0%| F|  |TAMS 0x0000000084600000, 0x0000000084600000| Untracked 
|  49|0x0000000084700000, 0x0000000084700000, 0x0000000084800000|  0%| F|  |TAMS 0x0000000084700000, 0x0000000084700000| Untracked 
|  50|0x0000000084800000, 0x0000000084800000, 0x0000000084900000|  0%| F|  |TAMS 0x0000000084800000, 0x0000000084800000| Untracked 
|  51|0x0000000084900000, 0x0000000084900000, 0x0000000084a00000|  0%| F|  |TAMS 0x0000000084900000, 0x0000000084900000| Untracked 
|  52|0x0000000084a00000, 0x0000000084a00000, 0x0000000084b00000|  0%| F|  |TAMS 0x0000000084a00000, 0x0000000084a00000| Untracked 
|  53|0x0000000084b00000, 0x0000000084b00000, 0x0000000084c00000|  0%| F|  |TAMS 0x0000000084b00000, 0x0000000084b00000| Untracked 
|  54|0x0000000084c00000, 0x0000000084c00000, 0x0000000084d00000|  0%| F|  |TAMS 0x0000000084c00000, 0x0000000084c00000| Untracked 
|  55|0x0000000084d00000, 0x0000000084d00000, 0x0000000084e00000|  0%| F|  |TAMS 0x0000000084d00000, 0x0000000084d00000| Untracked 
|  56|0x0000000084e00000, 0x0000000084e00000, 0x0000000084f00000|  0%| F|  |TAMS 0x0000000084e00000, 0x0000000084e00000| Untracked 
|  57|0x0000000084f00000, 0x0000000084f00000, 0x0000000085000000|  0%| F|  |TAMS 0x0000000084f00000, 0x0000000084f00000| Untracked 
|  58|0x0000000085000000, 0x0000000085000000, 0x0000000085100000|  0%| F|  |TAMS 0x0000000085000000, 0x0000000085000000| Untracked 
|  59|0x0000000085100000, 0x0000000085100000, 0x0000000085200000|  0%| F|  |TAMS 0x0000000085100000, 0x0000000085100000| Untracked 
|  60|0x0000000085200000, 0x0000000085200000, 0x0000000085300000|  0%| F|  |TAMS 0x0000000085200000, 0x0000000085200000| Untracked 
|  61|0x0000000085300000, 0x0000000085300000, 0x0000000085400000|  0%| F|  |TAMS 0x0000000085300000, 0x0000000085300000| Untracked 
|  62|0x0000000085400000, 0x0000000085400000, 0x0000000085500000|  0%| F|  |TAMS 0x0000000085400000, 0x0000000085400000| Untracked 
|  63|0x0000000085500000, 0x0000000085500000, 0x0000000085600000|  0%| F|  |TAMS 0x0000000085500000, 0x0000000085500000| Untracked 
|  64|0x0000000085600000, 0x0000000085600000, 0x0000000085700000|  0%| F|  |TAMS 0x0000000085600000, 0x0000000085600000| Untracked 
|  65|0x0000000085700000, 0x0000000085700000, 0x0000000085800000|  0%| F|  |TAMS 0x0000000085700000, 0x0000000085700000| Untracked 
|  66|0x0000000085800000, 0x0000000085800000, 0x0000000085900000|  0%| F|  |TAMS 0x0000000085800000, 0x0000000085800000| Untracked 
|  67|0x0000000085900000, 0x0000000085900000, 0x0000000085a00000|  0%| F|  |TAMS 0x0000000085900000, 0x0000000085900000| Untracked 
|  68|0x0000000085a00000, 0x0000000085a00000, 0x0000000085b00000|  0%| F|  |TAMS 0x0000000085a00000, 0x0000000085a00000| Untracked 
|  69|0x0000000085b00000, 0x0000000085b00000, 0x0000000085c00000|  0%| F|  |TAMS 0x0000000085b00000, 0x0000000085b00000| Untracked 
|  70|0x0000000085c00000, 0x0000000085c00000, 0x0000000085d00000|  0%| F|  |TAMS 0x0000000085c00000, 0x0000000085c00000| Untracked 
|  71|0x0000000085d00000, 0x0000000085d00000, 0x0000000085e00000|  0%| F|  |TAMS 0x0000000085d00000, 0x0000000085d00000| Untracked 
|  72|0x0000000085e00000, 0x0000000085e00000, 0x0000000085f00000|  0%| F|  |TAMS 0x0000000085e00000, 0x0000000085e00000| Untracked 
|  73|0x0000000085f00000, 0x0000000085f00000, 0x0000000086000000|  0%| F|  |TAMS 0x0000000085f00000, 0x0000000085f00000| Untracked 
|  74|0x0000000086000000, 0x0000000086000000, 0x0000000086100000|  0%| F|  |TAMS 0x0000000086000000, 0x0000000086000000| Untracked 
|  75|0x0000000086100000, 0x0000000086100000, 0x0000000086200000|  0%| F|  |TAMS 0x0000000086100000, 0x0000000086100000| Untracked 
|  76|0x0000000086200000, 0x0000000086200000, 0x0000000086300000|  0%| F|  |TAMS 0x0000000086200000, 0x0000000086200000| Untracked 
|  77|0x0000000086300000, 0x0000000086300000, 0x0000000086400000|  0%| F|  |TAMS 0x0000000086300000, 0x0000000086300000| Untracked 
|  78|0x0000000086400000, 0x0000000086400000, 0x0000000086500000|  0%| F|  |TAMS 0x0000000086400000, 0x0000000086400000| Untracked 
|  79|0x0000000086500000, 0x0000000086500000, 0x0000000086600000|  0%| F|  |TAMS 0x0000000086500000, 0x0000000086500000| Untracked 
|  80|0x0000000086600000, 0x0000000086600000, 0x0000000086700000|  0%| F|  |TAMS 0x0000000086600000, 0x0000000086600000| Untracked 
|  81|0x0000000086700000, 0x0000000086700000, 0x0000000086800000|  0%| F|  |TAMS 0x0000000086700000, 0x0000000086700000| Untracked 
|  82|0x0000000086800000, 0x0000000086800000, 0x0000000086900000|  0%| F|  |TAMS 0x0000000086800000, 0x0000000086800000| Untracked 
|  83|0x0000000086900000, 0x0000000086900000, 0x0000000086a00000|  0%| F|  |TAMS 0x0000000086900000, 0x0000000086900000| Untracked 
|  84|0x0000000086a00000, 0x0000000086a00000, 0x0000000086b00000|  0%| F|  |TAMS 0x0000000086a00000, 0x0000000086a00000| Untracked 
|  85|0x0000000086b00000, 0x0000000086b00000, 0x0000000086c00000|  0%| F|  |TAMS 0x0000000086b00000, 0x0000000086b00000| Untracked 
|  86|0x0000000086c00000, 0x0000000086c00000, 0x0000000086d00000|  0%| F|  |TAMS 0x0000000086c00000, 0x0000000086c00000| Untracked 
|  87|0x0000000086d00000, 0x0000000086d00000, 0x0000000086e00000|  0%| F|  |TAMS 0x0000000086d00000, 0x0000000086d00000| Untracked 
|  88|0x0000000086e00000, 0x0000000086e00000, 0x0000000086f00000|  0%| F|  |TAMS 0x0000000086e00000, 0x0000000086e00000| Untracked 
|  89|0x0000000086f00000, 0x0000000086f00000, 0x0000000087000000|  0%| F|  |TAMS 0x0000000086f00000, 0x0000000086f00000| Untracked 
|  90|0x0000000087000000, 0x0000000087000000, 0x0000000087100000|  0%| F|  |TAMS 0x0000000087000000, 0x0000000087000000| Untracked 
|  91|0x0000000087100000, 0x0000000087100000, 0x0000000087200000|  0%| F|  |TAMS 0x0000000087100000, 0x0000000087100000| Untracked 
|  92|0x0000000087200000, 0x0000000087200000, 0x0000000087300000|  0%| F|  |TAMS 0x0000000087200000, 0x0000000087200000| Untracked 
|  93|0x0000000087300000, 0x0000000087300000, 0x0000000087400000|  0%| F|  |TAMS 0x0000000087300000, 0x0000000087300000| Untracked 
|  94|0x0000000087400000, 0x0000000087400000, 0x0000000087500000|  0%| F|  |TAMS 0x0000000087400000, 0x0000000087400000| Untracked 
|  95|0x0000000087500000, 0x0000000087500000, 0x0000000087600000|  0%| F|  |TAMS 0x0000000087500000, 0x0000000087500000| Untracked 
|  96|0x0000000087600000, 0x0000000087600000, 0x0000000087700000|  0%| F|  |TAMS 0x0000000087600000, 0x0000000087600000| Untracked 
|  97|0x0000000087700000, 0x0000000087700000, 0x0000000087800000|  0%| F|  |TAMS 0x0000000087700000, 0x0000000087700000| Untracked 
|  98|0x0000000087800000, 0x0000000087800000, 0x0000000087900000|  0%| F|  |TAMS 0x0000000087800000, 0x0000000087800000| Untracked 
|  99|0x0000000087900000, 0x0000000087900000, 0x0000000087a00000|  0%| F|  |TAMS 0x0000000087900000, 0x0000000087900000| Untracked 
| 100|0x0000000087a00000, 0x0000000087a00000, 0x0000000087b00000|  0%| F|  |TAMS 0x0000000087a00000, 0x0000000087a00000| Untracked 
| 101|0x0000000087b00000, 0x0000000087b00000, 0x0000000087c00000|  0%| F|  |TAMS 0x0000000087b00000, 0x0000000087b00000| Untracked 
| 102|0x0000000087c00000, 0x0000000087c00000, 0x0000000087d00000|  0%| F|  |TAMS 0x0000000087c00000, 0x0000000087c00000| Untracked 
| 103|0x0000000087d00000, 0x0000000087d00000, 0x0000000087e00000|  0%| F|  |TAMS 0x0000000087d00000, 0x0000000087d00000| Untracked 
| 104|0x0000000087e00000, 0x0000000087ee1d90, 0x0000000087f00000| 88%| S|CS|TAMS 0x0000000087e00000, 0x0000000087e00000| Complete 
| 105|0x0000000087f00000, 0x0000000088000000, 0x0000000088000000|100%| S|CS|TAMS 0x0000000087f00000, 0x0000000087f00000| Complete 
| 106|0x0000000088000000, 0x0000000088100000, 0x0000000088100000|100%| S|CS|TAMS 0x0000000088000000, 0x0000000088000000| Complete 
| 107|0x0000000088100000, 0x0000000088100000, 0x0000000088200000|  0%| F|  |TAMS 0x0000000088100000, 0x0000000088100000| Untracked 
| 108|0x0000000088200000, 0x0000000088200000, 0x0000000088300000|  0%| F|  |TAMS 0x0000000088200000, 0x0000000088200000| Untracked 
| 109|0x0000000088300000, 0x0000000088300000, 0x0000000088400000|  0%| F|  |TAMS 0x0000000088300000, 0x0000000088300000| Untracked 
| 110|0x0000000088400000, 0x0000000088400000, 0x0000000088500000|  0%| F|  |TAMS 0x0000000088400000, 0x0000000088400000| Untracked 
| 111|0x0000000088500000, 0x0000000088500000, 0x0000000088600000|  0%| F|  |TAMS 0x0000000088500000, 0x0000000088500000| Untracked 
| 112|0x0000000088600000, 0x0000000088600000, 0x0000000088700000|  0%| F|  |TAMS 0x0000000088600000, 0x0000000088600000| Untracked 
| 113|0x0000000088700000, 0x0000000088700000, 0x0000000088800000|  0%| F|  |TAMS 0x0000000088700000, 0x0000000088700000| Untracked 
| 114|0x0000000088800000, 0x0000000088800000, 0x0000000088900000|  0%| F|  |TAMS 0x0000000088800000, 0x0000000088800000| Untracked 
| 115|0x0000000088900000, 0x0000000088900000, 0x0000000088a00000|  0%| F|  |TAMS 0x0000000088900000, 0x0000000088900000| Untracked 
| 116|0x0000000088a00000, 0x0000000088a00000, 0x0000000088b00000|  0%| F|  |TAMS 0x0000000088a00000, 0x0000000088a00000| Untracked 
| 117|0x0000000088b00000, 0x0000000088b00000, 0x0000000088c00000|  0%| F|  |TAMS 0x0000000088b00000, 0x0000000088b00000| Untracked 
| 118|0x0000000088c00000, 0x0000000088c00000, 0x0000000088d00000|  0%| F|  |TAMS 0x0000000088c00000, 0x0000000088c00000| Untracked 
| 119|0x0000000088d00000, 0x0000000088d00000, 0x0000000088e00000|  0%| F|  |TAMS 0x0000000088d00000, 0x0000000088d00000| Untracked 
| 120|0x0000000088e00000, 0x0000000088e00000, 0x0000000088f00000|  0%| F|  |TAMS 0x0000000088e00000, 0x0000000088e00000| Untracked 
| 121|0x0000000088f00000, 0x0000000088f00000, 0x0000000089000000|  0%| F|  |TAMS 0x0000000088f00000, 0x0000000088f00000| Untracked 
| 122|0x0000000089000000, 0x0000000089000000, 0x0000000089100000|  0%| F|  |TAMS 0x0000000089000000, 0x0000000089000000| Untracked 
| 123|0x0000000089100000, 0x0000000089100000, 0x0000000089200000|  0%| F|  |TAMS 0x0000000089100000, 0x0000000089100000| Untracked 
| 124|0x0000000089200000, 0x0000000089200000, 0x0000000089300000|  0%| F|  |TAMS 0x0000000089200000, 0x0000000089200000| Untracked 
| 125|0x0000000089300000, 0x0000000089400000, 0x0000000089400000|100%| E|  |TAMS 0x0000000089300000, 0x0000000089300000| Complete 
| 126|0x0000000089400000, 0x0000000089500000, 0x0000000089500000|100%| E|CS|TAMS 0x0000000089400000, 0x0000000089400000| Complete 
| 127|0x0000000089500000, 0x0000000089600000, 0x0000000089600000|100%| E|CS|TAMS 0x0000000089500000, 0x0000000089500000| Complete 

Card table byte_map: [0x000001f3c88a0000,0x000001f3c8ca0000] _byte_map_base: 0x000001f3c8495000

Marking Bits (Prev, Next): (CMBitMap*) 0x000001f3b1c868e0, (CMBitMap*) 0x000001f3b1c86920
 Prev Bits: [0x000001f3c90a0000, 0x000001f3cb048000)
 Next Bits: [0x000001f3cb050000, 0x000001f3ccff8000)

Polling page: 0x000001f3b13f0000

Metaspace:

Usage:
  Non-class:     10.06 MB used.
      Class:      1.32 MB used.
       Both:     11.38 MB used.

Virtual space:
  Non-class space:       16.00 MB reserved,      10.19 MB ( 64%) committed,  2 nodes.
      Class space:        1.00 GB reserved,       1.44 MB ( <1%) committed,  1 nodes.
             Both:        1.02 GB reserved,      11.62 MB (  1%) committed. 

Chunk freelists:
   Non-Class:  1009.00 KB
       Class:  2.58 MB
        Both:  3.56 MB

MaxMetaspaceSize: unlimited
CompressedClassSpaceSize: 1.00 GB
Initial GC threshold: 21.00 MB
Current GC threshold: 21.00 MB
CDS: on
MetaspaceReclaimPolicy: balanced
 - commit_granule_bytes: 65536.
 - commit_granule_words: 8192.
 - virtual_space_node_default_size: 1048576.
 - enlarge_chunks_in_place: 1.
 - new_chunks_are_fully_committed: 0.
 - uncommit_free_chunks: 1.
 - use_allocation_guard: 0.
 - handle_deallocations: 1.


Internal statistics:

num_allocs_failed_limit: 0.
num_arena_births: 196.
num_arena_deaths: 0.
num_vsnodes_births: 3.
num_vsnodes_deaths: 0.
num_space_committed: 186.
num_space_uncommitted: 0.
num_chunks_returned_to_freelist: 0.
num_chunks_taken_from_freelist: 458.
num_chunk_merges: 0.
num_chunk_splits: 284.
num_chunks_enlarged: 185.
num_purges: 0.
num_inconsistent_stats: 0.

CodeHeap 'non-profiled nmethods': size=120000Kb used=657Kb max_used=657Kb free=119342Kb
 bounds [0x000001f3c0f70000, 0x000001f3c11e0000, 0x000001f3c84a0000]
CodeHeap 'profiled nmethods': size=120000Kb used=3285Kb max_used=3285Kb free=116714Kb
 bounds [0x000001f3b94a0000, 0x000001f3b97e0000, 0x000001f3c09d0000]
CodeHeap 'non-nmethods': size=5760Kb used=1201Kb max_used=1216Kb free=4558Kb
 bounds [0x000001f3c09d0000, 0x000001f3c0c40000, 0x000001f3c0f70000]
 total_blobs=2212 nmethods=1709 adapters=416
 compilation: enabled
              stopped_count=0, restarted_count=0
 full_count=0

Compilation events (20 events):
Event: 1.459 Thread 0x000001f3cf4d2ac0 nmethod 1665 0x000001f3b97bfe90 code [0x000001f3b97c0040, 0x000001f3b97c0358]
Event: 1.459 Thread 0x000001f3cf4d2ac0 1666       3       javax.management.ImmutableDescriptor::<init> (195 bytes)
Event: 1.460 Thread 0x000001f3cf4d2ac0 nmethod 1666 0x000001f3b97c0490 code [0x000001f3b97c0800, 0x000001f3b97c21a8]
Event: 1.460 Thread 0x000001f3cf4d2ac0 1667       3       java.util.TreeMap::keySet (5 bytes)
Event: 1.460 Thread 0x000001f3cf4d2ac0 nmethod 1667 0x000001f3b97c2910 code [0x000001f3b97c2aa0, 0x000001f3b97c2be8]
Event: 1.460 Thread 0x000001f3cf4d2ac0 1668       3       java.util.TreeMap$KeySet::size (10 bytes)
Event: 1.460 Thread 0x000001f3cf4d2ac0 nmethod 1668 0x000001f3b97c2c90 code [0x000001f3b97c2e40, 0x000001f3b97c3008]
Event: 1.460 Thread 0x000001f3cf4d2ac0 1669       3       java.util.Arrays$ArrayItr::next (36 bytes)
Event: 1.461 Thread 0x000001f3cf4d2ac0 nmethod 1669 0x000001f3b97c3110 code [0x000001f3b97c32c0, 0x000001f3b97c3508]
Event: 1.461 Thread 0x000001f3cf4d2ac0 1671       3       java.util.Arrays$ArrayList::size (6 bytes)
Event: 1.461 Thread 0x000001f3cf4d2ac0 nmethod 1671 0x000001f3b97c3610 code [0x000001f3b97c37a0, 0x000001f3b97c38b8]
Event: 1.461 Thread 0x000001f3cf4d2ac0 1670       1       com.sun.management.internal.DiagnosticCommandArgumentInfo::getName (5 bytes)
Event: 1.461 Thread 0x000001f3cf4d2ac0 nmethod 1670 0x000001f3c1010810 code [0x000001f3c10109a0, 0x000001f3c1010a78]
Event: 1.461 Thread 0x000001f3cf4d2ac0 1672       1       com.sun.management.internal.DiagnosticCommandInfo::getArgumentsInfo (5 bytes)
Event: 1.461 Thread 0x000001f3cf4d2ac0 nmethod 1672 0x000001f3c1010b10 code [0x000001f3c1010ca0, 0x000001f3c1010d78]
Event: 1.461 Thread 0x000001f3cf4d2ac0 1673       3       java.util.TreeMap::rotateRight (96 bytes)
Event: 1.461 Thread 0x000001f3cf4d2ac0 nmethod 1673 0x000001f3b97c3990 code [0x000001f3b97c3b60, 0x000001f3b97c4098]
Event: 1.462 Thread 0x000001f3cf4d2ac0 1674       1       java.util.concurrent.locks.AbstractQueuedSynchronizer::getState (5 bytes)
Event: 1.462 Thread 0x000001f3cf4d2ac0 nmethod 1674 0x000001f3c1010e10 code [0x000001f3c1010fa0, 0x000001f3c1011078]
Event: 1.462 Thread 0x000001f3cf4d2ac0 1676       3       java.util.HashMap::getNode (150 bytes)

GC Heap History (6 events):
Event: 0.444 GC heap before
{Heap before GC invocations=0 (full 0):
 garbage-first heap   total 131072K, used 13312K [0x0000000081600000, 0x0000000100000000)
  region size 1024K, 13 young (13312K), 0 survivors (0K)
 Metaspace       used 1371K, committed 1472K, reserved 1056768K
  class space    used 119K, committed 192K, reserved 1048576K
}
Event: 0.450 GC heap after
{Heap after GC invocations=1 (full 0):
 garbage-first heap   total 131072K, used 9280K [0x0000000081600000, 0x0000000100000000)
  region size 1024K, 2 young (2048K), 2 survivors (2048K)
 Metaspace       used 1371K, committed 1472K, reserved 1056768K
  class space    used 119K, committed 192K, reserved 1048576K
}
Event: 0.925 GC heap before
{Heap before GC invocations=1 (full 0):
 garbage-first heap   total 131072K, used 16448K [0x0000000081600000, 0x0000000100000000)
  region size 1024K, 10 young (10240K), 2 survivors (2048K)
 Metaspace       used 5595K, committed 5824K, reserved 1056768K
  class space    used 601K, committed 704K, reserved 1048576K
}
Event: 0.931 GC heap after
{Heap after GC invocations=2 (full 0):
 garbage-first heap   total 131072K, used 10426K [0x0000000081600000, 0x0000000100000000)
  region size 1024K, 2 young (2048K), 2 survivors (2048K)
 Metaspace       used 5595K, committed 5824K, reserved 1056768K
  class space    used 601K, committed 704K, reserved 1048576K
}
Event: 1.378 GC heap before
{Heap before GC invocations=2 (full 0):
 garbage-first heap   total 131072K, used 29882K [0x0000000081600000, 0x0000000100000000)
  region size 1024K, 21 young (21504K), 2 survivors (2048K)
 Metaspace       used 9914K, committed 10112K, reserved 1064960K
  class space    used 1148K, committed 1216K, reserved 1048576K
}
Event: 1.383 GC heap after
{Heap after GC invocations=3 (full 0):
 garbage-first heap   total 131072K, used 12129K [0x0000000081600000, 0x0000000100000000)
  region size 1024K, 3 young (3072K), 3 survivors (3072K)
 Metaspace       used 9914K, committed 10112K, reserved 1064960K
  class space    used 1148K, committed 1216K, reserved 1048576K
}

Deoptimization events (20 events):
Event: 1.428 Thread 0x000001f3b1c2bab0 Uncommon trap: trap_request=0xffffffde fr.pc=0x000001f3c100d82c relative=0x000000000000010c
Event: 1.428 Thread 0x000001f3b1c2bab0 Uncommon trap: reason=class_check action=maybe_recompile pc=0x000001f3c100d82c method=jdk.internal.misc.Unsafe.allocateUninitializedArray(Ljava/lang/Class;I)Ljava/lang/Object; @ 51 c2
Event: 1.428 Thread 0x000001f3b1c2bab0 DEOPT PACKING pc=0x000001f3c100d82c sp=0x000000c7a5afc390
Event: 1.428 Thread 0x000001f3b1c2bab0 DEOPT UNPACKING pc=0x000001f3c0a223a3 sp=0x000000c7a5afc318 mode 2
Event: 1.428 Thread 0x000001f3b1c2bab0 Uncommon trap: trap_request=0xffffffde fr.pc=0x000001f3c100d82c relative=0x000000000000010c
Event: 1.428 Thread 0x000001f3b1c2bab0 Uncommon trap: reason=class_check action=maybe_recompile pc=0x000001f3c100d82c method=jdk.internal.misc.Unsafe.allocateUninitializedArray(Ljava/lang/Class;I)Ljava/lang/Object; @ 51 c2
Event: 1.428 Thread 0x000001f3b1c2bab0 DEOPT PACKING pc=0x000001f3c100d82c sp=0x000000c7a5afc390
Event: 1.428 Thread 0x000001f3b1c2bab0 DEOPT UNPACKING pc=0x000001f3c0a223a3 sp=0x000000c7a5afc318 mode 2
Event: 1.428 Thread 0x000001f3b1c2bab0 Uncommon trap: trap_request=0xffffffde fr.pc=0x000001f3c100d82c relative=0x000000000000010c
Event: 1.428 Thread 0x000001f3b1c2bab0 Uncommon trap: reason=class_check action=maybe_recompile pc=0x000001f3c100d82c method=jdk.internal.misc.Unsafe.allocateUninitializedArray(Ljava/lang/Class;I)Ljava/lang/Object; @ 51 c2
Event: 1.428 Thread 0x000001f3b1c2bab0 DEOPT PACKING pc=0x000001f3c100d82c sp=0x000000c7a5afc1a0
Event: 1.428 Thread 0x000001f3b1c2bab0 DEOPT UNPACKING pc=0x000001f3c0a223a3 sp=0x000000c7a5afc128 mode 2
Event: 1.428 Thread 0x000001f3b1c2bab0 Uncommon trap: trap_request=0xffffffde fr.pc=0x000001f3c100d82c relative=0x000000000000010c
Event: 1.428 Thread 0x000001f3b1c2bab0 Uncommon trap: reason=class_check action=maybe_recompile pc=0x000001f3c100d82c method=jdk.internal.misc.Unsafe.allocateUninitializedArray(Ljava/lang/Class;I)Ljava/lang/Object; @ 51 c2
Event: 1.428 Thread 0x000001f3b1c2bab0 DEOPT PACKING pc=0x000001f3c100d82c sp=0x000000c7a5afc1a0
Event: 1.428 Thread 0x000001f3b1c2bab0 DEOPT UNPACKING pc=0x000001f3c0a223a3 sp=0x000000c7a5afc128 mode 2
Event: 1.448 Thread 0x000001f3b1c2bab0 Uncommon trap: trap_request=0xffffffc6 fr.pc=0x000001f3c0fd1a6c relative=0x000000000000042c
Event: 1.448 Thread 0x000001f3b1c2bab0 Uncommon trap: reason=bimorphic_or_optimized_type_check action=maybe_recompile pc=0x000001f3c0fd1a6c method=java.util.HashMap.getNode(Ljava/lang/Object;)Ljava/util/HashMap$Node; @ 128 c2
Event: 1.448 Thread 0x000001f3b1c2bab0 DEOPT PACKING pc=0x000001f3c0fd1a6c sp=0x000000c7a5afc850
Event: 1.448 Thread 0x000001f3b1c2bab0 DEOPT UNPACKING pc=0x000001f3c0a223a3 sp=0x000000c7a5afc7c8 mode 2

Classes unloaded (0 events):
No events

Classes redefined (0 events):
No events

Internal exceptions (20 events):
Event: 0.644 Thread 0x000001f3b1c2bab0 Exception <a 'java/lang/NoSuchMethodError'{0x0000000089370708}: 'void java.lang.invoke.DirectMethodHandle$Holder.invokeStatic(java.lang.Object, java.lang.Object)'> (0x0000000089370708) 
thrown [s\open\src\hotspot\share\interpreter\linkResolver.cpp, line 759]
Event: 0.692 Thread 0x000001f3b1c2bab0 Exception <a 'java/lang/ClassNotFoundException'{0x0000000089227cb0}: com/sun/org/apache/xerces/internal/impl/msg/spi/SAXMessagesProvider> (0x0000000089227cb0) 
thrown [s\open\src\hotspot\share\classfile\systemDictionary.cpp, line 256]
Event: 0.734 Thread 0x000001f3b1c2bab0 Exception <a 'java/lang/NoSuchMethodError'{0x00000000892fc910}: 'java.lang.Object java.lang.invoke.DirectMethodHandle$Holder.invokeStaticInit(java.lang.Object, int, int, int, int)'> (0x00000000892fc910) 
thrown [s\open\src\hotspot\share\interpreter\linkResolver.cpp, line 759]
Event: 0.802 Thread 0x000001f3b1c2bab0 Exception <a 'java/lang/NoSuchMethodError'{0x00000000891de528}: 'java.lang.Object java.lang.invoke.DirectMethodHandle$Holder.invokeStaticInit(java.lang.Object, java.lang.Object, int, int, int, int)'> (0x00000000891de528) 
thrown [s\open\src\hotspot\share\interpreter\linkResolver.cpp, line 759]
Event: 0.847 Thread 0x000001f3b1c2bab0 Exception <a 'java/lang/NoSuchMethodError'{0x0000000088f8bdd8}: 'void java.lang.invoke.DirectMethodHandle$Holder.invokeStatic(java.lang.Object, java.lang.Object, java.lang.Object)'> (0x0000000088f8bdd8) 
thrown [s\open\src\hotspot\share\interpreter\linkResolver.cpp, line 759]
Event: 0.853 Thread 0x000001f3b1c2bab0 Exception <a 'java/lang/NoSuchMethodError'{0x0000000088faf8b8}: 'java.lang.Object java.lang.invoke.DirectMethodHandle$Holder.invokeStatic(java.lang.Object, java.lang.Object, int)'> (0x0000000088faf8b8) 
thrown [s\open\src\hotspot\share\interpreter\linkResolver.cpp, line 759]
Event: 0.854 Thread 0x000001f3b1c2bab0 Exception <a 'java/lang/NoSuchMethodError'{0x0000000088fbabf8}: 'void java.lang.invoke.DelegatingMethodHandle$Holder.delegate(java.lang.Object, java.lang.Object, int, java.lang.Object)'> (0x0000000088fbabf8) 
thrown [s\open\src\hotspot\share\interpreter\linkResolver.cpp, line 759]
Event: 0.854 Thread 0x000001f3b1c2bab0 Exception <a 'java/lang/NoSuchMethodError'{0x0000000088fbed40}: 'int java.lang.invoke.DirectMethodHandle$Holder.invokeSpecial(java.lang.Object, java.lang.Object, java.lang.Object)'> (0x0000000088fbed40) 
thrown [s\open\src\hotspot\share\interpreter\linkResolver.cpp, line 759]
Event: 0.871 Thread 0x000001f3b1c2bab0 Exception <a 'java/lang/NoSuchMethodError'{0x0000000088e11f08}: 'java.lang.Object java.lang.invoke.DirectMethodHandle$Holder.invokeInterface(java.lang.Object, java.lang.Object)'> (0x0000000088e11f08) 
thrown [s\open\src\hotspot\share\interpreter\linkResolver.cpp, line 759]
Event: 0.871 Thread 0x000001f3b1c2bab0 Exception <a 'java/lang/IncompatibleClassChangeError'{0x0000000088e15700}: Found class java.lang.Object, but interface was expected> (0x0000000088e15700) 
thrown [s\open\src\hotspot\share\interpreter\linkResolver.cpp, line 826]
Event: 0.884 Thread 0x000001f3b1c2bab0 Exception <a 'java/lang/NoSuchMethodError'{0x0000000088e39888}: 'java.lang.Object java.lang.invoke.DirectMethodHandle$Holder.newInvokeSpecial(java.lang.Object, java.lang.Object, java.lang.Object, int, java.lang.Object)'> (0x0000000088e39888) 
thrown [s\open\src\hotspot\share\interpreter\linkResolver.cpp, line 759]
Event: 0.884 Thread 0x000001f3b1c2bab0 Exception <a 'java/lang/NoSuchMethodError'{0x0000000088e41448}: 'java.lang.Object java.lang.invoke.Invokers$Holder.linkToTargetMethod(java.lang.Object, java.lang.Object, int, java.lang.Object, java.lang.Object)'> (0x0000000088e41448) 
thrown [s\open\src\hotspot\share\interpreter\linkResolver.cpp, line 759]
Event: 1.102 Thread 0x000001f3b1c2bab0 Exception <a 'java/lang/NoSuchMethodError'{0x0000000088bfbf60}: 'java.lang.Object java.lang.invoke.DirectMethodHandle$Holder.newInvokeSpecial(java.lang.Object, long, int, java.lang.Object)'> (0x0000000088bfbf60) 
thrown [s\open\src\hotspot\share\interpreter\linkResolver.cpp, line 759]
Event: 1.117 Thread 0x000001f3b1c2bab0 Exception <a 'java/lang/NoSuchMethodError'{0x0000000088a83520}: 'void java.lang.invoke.DirectMethodHandle$Holder.invokeStatic(java.lang.Object, java.lang.Object, java.lang.Object, java.lang.Object)'> (0x0000000088a83520) 
thrown [s\open\src\hotspot\share\interpreter\linkResolver.cpp, line 759]
Event: 1.118 Thread 0x000001f3b1c2bab0 Exception <a 'java/lang/NoSuchMethodError'{0x0000000088a871c8}: 'void java.lang.invoke.DirectMethodHandle$Holder.invokeStaticInit(java.lang.Object, java.lang.Object, java.lang.Object, java.lang.Object)'> (0x0000000088a871c8) 
thrown [s\open\src\hotspot\share\interpreter\linkResolver.cpp, line 759]
Event: 1.312 Thread 0x000001f3b1c2bab0 Exception <a 'java/lang/NoSuchMethodError'{0x00000000883acd38}: 'java.lang.Object java.lang.invoke.DirectMethodHandle$Holder.newInvokeSpecial(java.lang.Object, java.lang.Object, java.lang.Object, java.lang.Object, java.lang.Object)'> (0x00000000883acd38) 
thrown [s\open\src\hotspot\share\interpreter\linkResolver.cpp, line 759]
Event: 1.372 Thread 0x000001f3b1c2bab0 Exception <a 'sun/nio/fs/WindowsException'{0x00000000881dff28}> (0x00000000881dff28) 
thrown [s\open\src\hotspot\share\prims\jni.cpp, line 516]
Event: 1.393 Thread 0x000001f3b1c2bab0 Exception <a 'java/lang/NoSuchMethodError'{0x000000008958ae70}: 'int java.lang.invoke.DirectMethodHandle$Holder.invokeStaticInit(java.lang.Object, java.lang.Object, java.lang.Object)'> (0x000000008958ae70) 
thrown [s\open\src\hotspot\share\interpreter\linkResolver.cpp, line 759]
Event: 1.413 Thread 0x000001f3b1c2bab0 Exception <a 'java/lang/NoSuchMethodError'{0x0000000089421800}: 'int java.lang.invoke.DirectMethodHandle$Holder.invokeInterface(java.lang.Object, java.lang.Object)'> (0x0000000089421800) 
thrown [s\open\src\hotspot\share\interpreter\linkResolver.cpp, line 759]
Event: 1.413 Thread 0x000001f3b1c2bab0 Exception <a 'java/lang/IncompatibleClassChangeError'{0x0000000089424d90}: Found class java.lang.Object, but interface was expected> (0x0000000089424d90) 
thrown [s\open\src\hotspot\share\interpreter\linkResolver.cpp, line 826]

VM Operations (20 events):
Event: 0.715 Executing VM operation: HandshakeAllThreads
Event: 0.715 Executing VM operation: HandshakeAllThreads done
Event: 0.715 Executing VM operation: HandshakeAllThreads
Event: 0.715 Executing VM operation: HandshakeAllThreads done
Event: 0.725 Executing VM operation: HandshakeAllThreads
Event: 0.725 Executing VM operation: HandshakeAllThreads done
Event: 0.809 Executing VM operation: HandshakeAllThreads
Event: 0.809 Executing VM operation: HandshakeAllThreads done
Event: 0.852 Executing VM operation: HandshakeAllThreads
Event: 0.852 Executing VM operation: HandshakeAllThreads done
Event: 0.875 Executing VM operation: HandshakeAllThreads
Event: 0.875 Executing VM operation: HandshakeAllThreads done
Event: 0.925 Executing VM operation: G1CollectForAllocation
Event: 0.931 Executing VM operation: G1CollectForAllocation done
Event: 1.184 Executing VM operation: HandshakeAllThreads
Event: 1.184 Executing VM operation: HandshakeAllThreads done
Event: 1.362 Executing VM operation: HandshakeAllThreads
Event: 1.362 Executing VM operation: HandshakeAllThreads done
Event: 1.378 Executing VM operation: G1CollectForAllocation
Event: 1.383 Executing VM operation: G1CollectForAllocation done

Events (20 events):
Event: 1.453 loading class java/util/stream/Node$OfLong done
Event: 1.453 loading class java/util/stream/Nodes$EmptyNode$OfLong done
Event: 1.453 loading class java/util/stream/Nodes$EmptyNode$OfDouble
Event: 1.453 loading class java/util/stream/Node$OfDouble
Event: 1.454 loading class java/util/stream/Node$OfDouble done
Event: 1.454 loading class java/util/stream/Nodes$EmptyNode$OfDouble done
Event: 1.454 loading class java/util/stream/Nodes$SpinedNodeBuilder
Event: 1.454 loading class java/util/stream/Node$Builder
Event: 1.454 loading class java/util/stream/Node$Builder done
Event: 1.454 loading class java/util/stream/SpinedBuffer
Event: 1.454 loading class java/util/stream/AbstractSpinedBuffer
Event: 1.454 loading class java/util/stream/AbstractSpinedBuffer done
Event: 1.454 loading class java/util/stream/SpinedBuffer done
Event: 1.454 loading class java/util/stream/Nodes$SpinedNodeBuilder done
Event: 1.461 loading class java/util/PropertyPermission
Event: 1.461 loading class java/util/PropertyPermission done
Event: 1.462 loading class com/sun/management/GcInfo
Event: 1.462 loading class javax/management/openmbean/CompositeDataView
Event: 1.462 loading class javax/management/openmbean/CompositeDataView done
Event: 1.462 loading class com/sun/management/GcInfo done


Dynamic libraries:
0x00007ff7b4420000 - 0x00007ff7b4430000 	C:\Program Files\Java\jdk-17\bin\javaw.exe
0x00007ff9d8d80000 - 0x00007ff9d8f89000 	C:\WINDOWS\SYSTEM32\ntdll.dll
0x00007ff9d7540000 - 0x00007ff9d75fe000 	C:\WINDOWS\System32\KERNEL32.DLL
0x00007ff9d62b0000 - 0x00007ff9d6634000 	C:\WINDOWS\System32\KERNELBASE.dll
0x00007ff9d68c0000 - 0x00007ff9d69d1000 	C:\WINDOWS\System32\ucrtbase.dll
0x00007ff9b56d0000 - 0x00007ff9b56e9000 	C:\Program Files\Java\jdk-17\bin\jli.dll
0x00007ff9d7ca0000 - 0x00007ff9d7d4f000 	C:\WINDOWS\System32\ADVAPI32.dll
0x00007ff9d8230000 - 0x00007ff9d82d3000 	C:\WINDOWS\System32\msvcrt.dll
0x00007ff9d8ca0000 - 0x00007ff9d8d3e000 	C:\WINDOWS\System32\sechost.dll
0x00007ff9d7f10000 - 0x00007ff9d8031000 	C:\WINDOWS\System32\RPCRT4.dll
0x00007ff9d71c0000 - 0x00007ff9d736d000 	C:\WINDOWS\System32\USER32.dll
0x00007ff9d6210000 - 0x00007ff9d6236000 	C:\WINDOWS\System32\win32u.dll
0x00007ff9d7030000 - 0x00007ff9d705a000 	C:\WINDOWS\System32\GDI32.dll
0x00007ff9d66e0000 - 0x00007ff9d67ff000 	C:\WINDOWS\System32\gdi32full.dll
0x00007ff9d6640000 - 0x00007ff9d66dd000 	C:\WINDOWS\System32\msvcp_win.dll
0x00007ff9b4d80000 - 0x00007ff9b4d9b000 	C:\Program Files\Java\jdk-17\bin\VCRUNTIME140.dll
0x00007ff9caab0000 - 0x00007ff9cad55000 	C:\WINDOWS\WinSxS\amd64_microsoft.windows.common-controls_6595b64144ccf1df_6.0.22000.120_none_9d947278b86cc467\COMCTL32.dll
0x00007ff9cd1f0000 - 0x00007ff9cd1fa000 	C:\WINDOWS\SYSTEM32\VERSION.dll
0x00007ff9d81f0000 - 0x00007ff9d8221000 	C:\WINDOWS\System32\IMM32.DLL
0x00007ff9b56c0000 - 0x00007ff9b56cc000 	C:\Program Files\Java\jdk-17\bin\vcruntime140_1.dll
0x00007ff9b49c0000 - 0x00007ff9b4a4e000 	C:\Program Files\Java\jdk-17\bin\msvcp140.dll
0x00007ff9b3de0000 - 0x00007ff9b49bd000 	C:\Program Files\Java\jdk-17\bin\server\jvm.dll
0x00007ff9d81e0000 - 0x00007ff9d81e8000 	C:\WINDOWS\System32\PSAPI.DLL
0x00007ff9cb1f0000 - 0x00007ff9cb1f9000 	C:\WINDOWS\SYSTEM32\WSOCK32.dll
0x00007ff9cc930000 - 0x00007ff9cc963000 	C:\WINDOWS\SYSTEM32\WINMM.dll
0x00007ff9d8c30000 - 0x00007ff9d8c9f000 	C:\WINDOWS\System32\WS2_32.dll
0x00007ff9d5270000 - 0x00007ff9d5288000 	C:\WINDOWS\SYSTEM32\kernel.appcore.dll
0x00007ff9b4d70000 - 0x00007ff9b4d7a000 	C:\Program Files\Java\jdk-17\bin\jimage.dll
0x00007ff9c5980000 - 0x00007ff9c5ba1000 	C:\WINDOWS\SYSTEM32\DBGHELP.DLL
0x00007ff9cb200000 - 0x00007ff9cb231000 	C:\WINDOWS\SYSTEM32\dbgcore.DLL
0x00007ff9d69e0000 - 0x00007ff9d6a5f000 	C:\WINDOWS\System32\bcryptPrimitives.dll
0x00007ff9b4d40000 - 0x00007ff9b4d65000 	C:\Program Files\Java\jdk-17\bin\java.dll
0x00007ff9b31e0000 - 0x00007ff9b32b7000 	C:\Program Files\Java\jdk-17\bin\jsvml.dll
0x00007ff9d83d0000 - 0x00007ff9d8b95000 	C:\WINDOWS\System32\SHELL32.dll
0x00007ff9d42d0000 - 0x00007ff9d4b34000 	C:\WINDOWS\SYSTEM32\windows.storage.dll
0x00007ff9d6bd0000 - 0x00007ff9d6f46000 	C:\WINDOWS\System32\combase.dll
0x00007ff9d4160000 - 0x00007ff9d42c7000 	C:\WINDOWS\SYSTEM32\wintypes.dll
0x00007ff9d7060000 - 0x00007ff9d714a000 	C:\WINDOWS\System32\SHCORE.dll
0x00007ff9d7160000 - 0x00007ff9d71bd000 	C:\WINDOWS\System32\shlwapi.dll
0x00007ff9d6140000 - 0x00007ff9d6165000 	C:\WINDOWS\SYSTEM32\profapi.dll
0x00007ff9b2770000 - 0x00007ff9b2789000 	C:\Program Files\Java\jdk-17\bin\net.dll
0x00007ff9d1510000 - 0x00007ff9d1623000 	C:\WINDOWS\SYSTEM32\WINHTTP.dll
0x00007ff9d5720000 - 0x00007ff9d5787000 	C:\WINDOWS\system32\mswsock.dll
0x00007ff9b2750000 - 0x00007ff9b2766000 	C:\Program Files\Java\jdk-17\bin\nio.dll
0x00007ff9b2730000 - 0x00007ff9b2748000 	C:\Program Files\Java\jdk-17\bin\zip.dll
0x00007ff9d4dc0000 - 0x00007ff9d4ea7000 	C:\WINDOWS\SYSTEM32\DNSAPI.dll
0x00007ff9d4d90000 - 0x00007ff9d4dbd000 	C:\WINDOWS\SYSTEM32\IPHLPAPI.DLL
0x00007ff9d76d0000 - 0x00007ff9d76d9000 	C:\WINDOWS\System32\NSI.dll
0x0000000058800000 - 0x0000000058826000 	C:\Program Files\Bonjour\mdnsNSP.dll
0x00007ff9d03d0000 - 0x00007ff9d03da000 	C:\Windows\System32\rasadhlp.dll
0x00007ff9d04f0000 - 0x00007ff9d0572000 	C:\WINDOWS\System32\fwpuclnt.dll
0x00007ff9d5980000 - 0x00007ff9d5998000 	C:\WINDOWS\SYSTEM32\CRYPTSP.dll
0x00007ff9d51d0000 - 0x00007ff9d5205000 	C:\WINDOWS\system32\rsaenh.dll
0x00007ff9d5820000 - 0x00007ff9d584c000 	C:\WINDOWS\SYSTEM32\USERENV.dll
0x00007ff9d5af0000 - 0x00007ff9d5b17000 	C:\WINDOWS\SYSTEM32\bcrypt.dll
0x00007ff9d5970000 - 0x00007ff9d597c000 	C:\WINDOWS\SYSTEM32\CRYPTBASE.dll
0x00007ff9d14a0000 - 0x00007ff9d14b9000 	C:\WINDOWS\SYSTEM32\dhcpcsvc6.DLL
0x00007ff9d1ee0000 - 0x00007ff9d1efe000 	C:\WINDOWS\SYSTEM32\dhcpcsvc.DLL
0x00007ff9b4eb0000 - 0x00007ff9b4eba000 	C:\Program Files\Java\jdk-17\bin\management.dll
0x00007ff9b4e20000 - 0x00007ff9b4e2b000 	C:\Program Files\Java\jdk-17\bin\management_ext.dll
0x00007ff9b8540000 - 0x00007ff9b8557000 	C:\WINDOWS\system32\napinsp.dll
0x00007ff9b8520000 - 0x00007ff9b853b000 	C:\WINDOWS\system32\pnrpnsp.dll
0x00007ff9b84b0000 - 0x00007ff9b84c2000 	C:\WINDOWS\System32\winrnr.dll
0x00007ff9b7400000 - 0x00007ff9b7415000 	C:\WINDOWS\system32\wshbth.dll
0x00007ff9b73e0000 - 0x00007ff9b73ff000 	C:\WINDOWS\system32\nlansp_c.dll

dbghelp: loaded successfully - version: 4.0.5 - missing functions: none
symbol engine: initialized successfully - sym options: 0x614 - pdb path: .;C:\Program Files\Java\jdk-17\bin;C:\WINDOWS\SYSTEM32;C:\WINDOWS\WinSxS\amd64_microsoft.windows.common-controls_6595b64144ccf1df_6.0.22000.120_none_9d947278b86cc467;C:\Program Files\Java\jdk-17\bin\server;C:\Program Files\Bonjour

VM Arguments:
jvm_args: -ea -Dfile.encoding=UTF-8 -XX:+ShowCodeDetailsInExceptionMessages 
java_command: org.testng.remote.RemoteTestNG -serport 50680 -protocol json -d D:\Sanjiv_QA\Eclipse Project\HRMS_UI\test-output D:\Sanjiv_QA\Eclipse Project\HRMS_UI\testng.xml
java_class_path (initial): C:\Users\JKL-Maulik\eclipse\java-2023-06\eclipse\configuration\org.eclipse.osgi\520\0\.cp\lib\testng-remote.jar;D:\Sanjiv_QA\Eclipse Project\HRMS_UI\target\test-classes;D:\Sanjiv_QA\Eclipse Project\HRMS_UI\target\classes;C:\Users\JKL-Maulik\.p2\pool\plugins\org.testng_7.8.0.r202306071539.jar;C:\Users\JKL-Maulik\.p2\pool\plugins\com.beust.jcommander_1.82.0.jar;C:\Users\JKL-Maulik\.p2\pool\plugins\org.apache-extras.beanshell.bsh_2.0.0.b6.jar;C:\Users\JKL-Maulik\.p2\pool\plugins\org.yaml.snakeyaml_1.27.0.v20221112-0806.jar;C:\Users\JKL-Maulik\.p2\pool\plugins\org.webjars.jquery_3.6.1.jar;C:\Users\JKL-Maulik\.m2\repository\junit\junit\4.11\junit-4.11.jar;C:\Users\JKL-Maulik\.m2\repository\org\hamcrest\hamcrest-core\1.3\hamcrest-core-1.3.jar;C:\Users\JKL-Maulik\.m2\repository\io\github\bonigarcia\webdrivermanager\5.4.0\webdrivermanager-5.4.0.jar;C:\Users\JKL-Maulik\.m2\repository\org\slf4j\slf4j-api\2.0.7\slf4j-api-2.0.7.jar;C:\Users\JKL-Maulik\.m2\repository\com\google\code\gson\gson\2.10.1\gson-2.10.1.jar;C:\Users\JKL-Maulik\.m2\repository\com\github\docker-java\docker-java\3.3.1\docker-java-3.3.1.jar;C:\Users\JKL-Maulik\.m2\repository\com\github\docker-java\docker-java-core\3.3.1\docker-java-core-3.3.1.jar;C:\Users\JKL-Maulik\.m2\repository\com\github\docker-java\docker-java-api\3.3.1\docker-java-api-3.3.1.jar;C:\Users\JKL-Maulik\.m2\repository\org\bouncycastle\bcpkix-jdk15on\1.64\bcpkix-jdk15on-1.64.jar;C:\Users\JKL-Maulik\.m2\repository\org\bouncycastle\bcprov-jdk15on\1.64\bcprov-jdk15on-1.64.jar;C:\Users\JKL-Maulik\.m2\repository\org\slf4j\jcl-over-slf4j\1.7.30\jcl-over-slf4j-1.7.30.jar;C:\Users\JKL-Maulik\.m2\repository\com\github\docker-java\docker-java-transport-httpclient5\3.3.1\docker-java-transport-httpclient5-3.3.1.jar;C:\Users\JKL-Maulik\.m2\repository\com\github\docker-java\docker-java-transport\3.3.1\docker-java-transport-3.3.1.jar;C:\Users\JKL-Maulik\.m2\repository\net\java\dev\jna\jna\5.12.1\jna-5.12.1.jar;C:\Users\JKL-Mauli
Launcher Type: SUN_STANDARD

[Global flags]
     intx CICompilerCount                          = 3                                         {product} {ergonomic}
     uint ConcGCThreads                            = 1                                         {product} {ergonomic}
     uint G1ConcRefinementThreads                  = 4                                         {product} {ergonomic}
   size_t G1HeapRegionSize                         = 1048576                                   {product} {ergonomic}
    uintx GCDrainStackTargetSize                   = 64                                        {product} {ergonomic}
   size_t InitialHeapSize                          = 134217728                                 {product} {ergonomic}
   size_t MarkStackSize                            = 4194304                                   {product} {ergonomic}
   size_t MaxHeapSize                              = 2124414976                                {product} {ergonomic}
   size_t MaxNewSize                               = 1274019840                                {product} {ergonomic}
   size_t MinHeapDeltaBytes                        = 1048576                                   {product} {ergonomic}
   size_t MinHeapSize                              = 8388608                                   {product} {ergonomic}
    uintx NonNMethodCodeHeapSize                   = 5832780                                {pd product} {ergonomic}
    uintx NonProfiledCodeHeapSize                  = 122912730                              {pd product} {ergonomic}
    uintx ProfiledCodeHeapSize                     = 122912730                              {pd product} {ergonomic}
    uintx ReservedCodeCacheSize                    = 251658240                              {pd product} {ergonomic}
     bool SegmentedCodeCache                       = true                                      {product} {ergonomic}
     bool ShowCodeDetailsInExceptionMessages       = true                                   {manageable} {command line}
   size_t SoftMaxHeapSize                          = 2124414976                             {manageable} {ergonomic}
     bool UseCompressedClassPointers               = true                           {product lp64_product} {ergonomic}
     bool UseCompressedOops                        = true                           {product lp64_product} {ergonomic}
     bool UseG1GC                                  = true                                      {product} {ergonomic}
     bool UseLargePagesIndividualAllocation        = false                                  {pd product} {ergonomic}

Logging:
Log output configuration:
 #0: stdout all=warning uptime,level,tags
 #1: stderr all=off uptime,level,tags

Environment Variables:
PATH=C:\Program Files\Common Files\Oracle\Java\javapath;C:\Python310\Scripts\;C:\Python310\;C:\Windows\system32;C:\Windows;C:\Windows\System32\Wbem;C:\Windows\System32\WindowsPowerShell\v1.0\;C:\Windows\System32\OpenSSH\;C:\ProgramData\chocolatey\bin;C:\Program Files\Microsoft SQL Server\150\Tools\Binn\;C:\Program Files\Microsoft SQL Server\Client SDK\ODBC\170\Tools\Binn\;C:\Program Files (x86)\Microsoft SQL Server\150\DTS\Binn\;C:\Program Files\Azure Data Studio\bin;C:\WINDOWS\system32;C:\WINDOWS;C:\WINDOWS\System32\Wbem;C:\WINDOWS\System32\WindowsPowerShell\v1.0\;C:\WINDOWS\System32\OpenSSH\;C:\Program Files\Git\cmd;C:\Program Files (x86)\Microsoft SQL Server\150\Tools\Binn\;C:\Program Files\Microsoft SQL Server\150\DTS\Binn\;C:\Program Files\Amazon\AWSCLIV2\;C:\Program Files\nodejs\;C:\WINDOWS\system32;C:\WINDOWS;C:\WINDOWS\System32\Wbem;C:\WINDOWS\System32\WindowsPowerShell\v1.0\;C:\WINDOWS\System32\OpenSSH\;C:\Program Files\dotnet\;C:\Users\Public\QA\Spring boot File upload and download\spring-boot-file-upload-download-rest-api-master\target;C:\Program Files\Java\jdk-17;C:\Program Files\Java\jdk-17\bin\bin;C:\Users\JKL-Maulik\Maven\apache-maven-3.9.2\bin;C:\Program Files\Google\Chrome\Application;C:\Program Files\MySQL\MySQL Shell 8.0\bin\;C:\Users\JKL-Maulik\AppData\Local\Microsoft\WindowsApps;C:\Users\JKL-Maulik\AppData\Local\Programs\Microsoft VS Code\bin;C:\Program Files\Azure Data Studio\bin;C:\Users\JKL-Maulik\AppData\Roaming\npm;C:\Users\JKL-Maulik\.dotnet\tools;C:\Users\JKL-Maulik\Maven\apache-maven-3.9.2\bin;C:\Users\JKL-Maulik\Maven\apache-maven-3.9.2;C:\Users\JKL-Maulik\Maven\apache-maven-3.9.2;C:\Users\JKL-Maulik\Maven\apache-maven-3.9.2\bin\bin;C:\Program Files\Java\jdk-17;C:\Program Files\Java\jdk-17\bin\bin;
USERNAME=JKL-Maulik
OS=Windows_NT
PROCESSOR_IDENTIFIER=Intel64 Family 6 Model 60 Stepping 3, GenuineIntel



---------------  S Y S T E M  ---------------

OS:
 Windows 11 , 64 bit Build 22000 (10.0.22000.2124)
OS uptime: 0 days 23:48 hours
Hyper-V role detected

CPU: total 4 (initial active 4) (4 cores per cpu, 1 threads per core) family 6 model 60 stepping 3 microcode 0x28, cx8, cmov, fxsr, mmx, sse, sse2, sse3, ssse3, sse4.1, sse4.2, popcnt, lzcnt, tsc, tscinvbit, avx, avx2, aes, erms, clmul, bmi1, bmi2, fma, vzeroupper, clflush, hv

Memory: 4k page, system-wide physical 8103M (583M free)
TotalPageFile size 29153M (AvailPageFile size 4M)
current process WorkingSet (physical memory assigned to process): 100M, peak: 100M
current process commit charge ("private bytes"): 233M, peak: 233M

vm_info: Java HotSpot(TM) 64-Bit Server VM (17.0.7+8-LTS-224) for windows-amd64 JRE (17.0.7+8-LTS-224), built on Feb 28 2023 23:03:02 by "mach5one" with MS VC++ 17.1 (VS2022)

END.
